============================= test session starts ==============================
platform android -- Python 3.14.6, pytest-9.1.1, pluggy-1.6.0 -- /data/data/com.termux/files/usr/bin/python
cachedir: .pytest_cache
Using --randomly-seed=1528644977
rootdir: /data/data/com.termux/files/home/terminal-owner-audit-20260801T061332Z/baseline
configfile: pyproject.toml
plugins: anyio-4.14.1, randomly-4.1.0, xdist-3.8.0, cov-7.1.0, mock-3.15.1
collecting ... collected 1565 items

tests/test_live_state_lifecycle.py::test_live_lifecycle_and_subagent_isolation PASSED [  0%]
tests/test_live_state_lifecycle.py::test_chronological_truncation_order PASSED [  0%]
tests/test_live_state_lifecycle.py::test_atomic_write_and_concurrent_safety PASSED [  0%]
tests/test_phase_hybrid_retriever.py::test_search_memory_empty_store PASSED [  0%]
tests/test_phase_hybrid_retriever.py::test_tfidf_index_basic_search PASSED [  0%]
tests/test_phase_hybrid_retriever.py::test_hybrid_retriever_semantic_boost PASSED [  0%]
tests/test_phase_hybrid_retriever.py::test_memory_store_append_and_load PASSED [  0%]
tests/test_phase_hybrid_retriever.py::test_search_memory_tool_interface PASSED [  0%]
tests/test_phase_hybrid_retriever.py::test_hybrid_time_decay PASSED      [  0%]
tests/test_phase_hybrid_retriever.py::test_hybrid_add_memory_updates_index PASSED [  0%]
tests/test_keybindings.py::test_wrap_around_down PASSED                  [  0%]
tests/test_keybindings.py::test_esc_ignored_when_disabled PASSED         [  0%]
tests/test_keybindings.py::test_esc_exits_navigation_mode PASSED         [  0%]
tests/test_keybindings.py::test_wrap_around_up PASSED                    [  0%]
tests/test_keybindings.py::test_space_toggles_widget PASSED              [  0%]
tests/test_keybindings.py::test_next_down_arrow PASSED                   [  1%]
tests/test_keybindings.py::test_previous_k_key PASSED                    [  1%]
tests/test_keybindings.py::test_next_j_key PASSED                        [  1%]
tests/test_keybindings.py::test_redraw_called_once_per_action PASSED     [  1%]
tests/test_keybindings.py::test_first_navigation_selects_first_widget PASSED [  1%]
tests/test_keybindings.py::test_enter_toggles_widget PASSED              [  1%]
tests/test_keybindings.py::test_navigation_disabled_ignores_keys PASSED  [  1%]
tests/test_keybindings.py::test_previous_up_arrow PASSED                 [  1%]
tests/test_artifact_manager.py::test_artifact_lifecycle PASSED           [  1%]
tests/test_artifact_manager.py::test_offload_tool_output PASSED          [  1%]
tests/test_artifact_manager.py::test_pruning_caps PASSED                 [  1%]
tests/test_artifact_manager.py::test_storage_and_app_context_wiring PASSED [  1%]
tests/test_tool_factory.py::TestToolFactory::test_build_with_required_kwarg_default_succeeds PASSED [  1%]
tests/test_tool_factory.py::TestToolFactory::test_build_with_unresolvable_required_kwarg_returns_none PASSED [  1%]
tests/test_tool_factory.py::TestToolFactory::test_build_with_injectable_kwargs_succeeds PASSED [  1%]
tests/test_tool_factory.py::TestToolFactory::test_discover_tools_returns_dict PASSED [  1%]
tests/test_tool_factory.py::TestToolFactory::test_discover_tools_never_raises_on_unbuildable_tool PASSED [  2%]
tests/test_tool_factory.py::TestToolFactory::test_discover_tools_skips_manual_classes PASSED [  2%]
tests/test_tool_factory.py::TestToolFactory::test_build_with_partial_missing_required_kwarg_returns_none PASSED [  2%]
tests/test_phase0_live_convergence.py::TestLiveAnswerInHandConvergence::test_orchestrator_loop_blocked_after_single_read PASSED [  2%]
tests/test_phase0_live_convergence.py::TestLiveAnswerInHandConvergence::test_wider_scope_relist_blocked_after_read PASSED [  2%]
tests/test_phase0_live_convergence.py::TestLiveAnswerInHandConvergence::test_reread_same_path_blocked PASSED [  2%]
tests/test_phase0_live_convergence.py::TestLiveAnswerInHandConvergence::test_first_whole_tree_scan_blocked_without_prior_read PASSED [  2%]
tests/test_exact_action_schema_filtering.py::test_exact_action_mode_fc_schema_filtering PASSED [  2%]
tests/test_exact_action_schema_filtering.py::test_normal_mode_fc_schema_filtering PASSED [  2%]
tests/test_exact_action_schema_filtering.py::test_fallback_mode_fc_schema_filtering PASSED [  2%]
tests/test_convergence_gate.py::TestFailedToolCallCannotCompleteTodo::test_failed_tool_call_cannot_complete_todo PASSED [  2%]
tests/test_convergence_gate.py::TestFailedToolCallCannotCompleteTodo::test_failed_tool_call_with_successful_evidence_can_complete PASSED [  2%]
tests/test_convergence_gate.py::TestFinalAnswerReportsBlockedOrSkippedTodos::test_final_answer_reports_blocked_or_skipped_todos PASSED [  2%]
tests/test_convergence_gate.py::TestFinalAnswerReportsBlockedOrSkippedTodos::test_final_answer_allows_when_skipped_and_blocked_have_reasons PASSED [  2%]
tests/test_convergence_gate.py::TestFinalAnswerBlockedWithPendingTodo::test_final_answer_blocked_with_pending_todo PASSED [  2%]
tests/test_convergence_gate.py::TestTodoAndEventViewCannotDiverge::test_todo_deleted_before_finalize_is_treated_as_unknown PASSED [  3%]
tests/test_convergence_gate.py::TestTodoAndEventViewCannotDiverge::test_todo_and_event_view_cannot_diverge PASSED [  3%]
tests/test_convergence_gate.py::TestAnsiDoesNotBreakDisplayWidth::test_display_width_with_emoji PASSED [  3%]
tests/test_convergence_gate.py::TestAnsiDoesNotBreakDisplayWidth::test_display_width_with_mixed_content PASSED [  3%]
tests/test_convergence_gate.py::TestAnsiDoesNotBreakDisplayWidth::test_strip_ansi_removes_codes PASSED [  3%]
tests/test_convergence_gate.py::TestAnsiDoesNotBreakDisplayWidth::test_wrap_text_with_ansi PASSED [  3%]
tests/test_convergence_gate.py::TestAnsiDoesNotBreakDisplayWidth::test_ansi_does_not_break_display_width PASSED [  3%]
tests/test_convergence_gate.py::TestAnsiDoesNotBreakDisplayWidth::test_display_width_with_arabic PASSED [  3%]
tests/test_convergence_gate.py::TestArchitecturalClaimsScopedToAvailableEvidence::test_architectural_claims_are_scoped_to_available_evidence PASSED [  3%]
tests/test_convergence_gate.py::TestArchitecturalClaimsScopedToAvailableEvidence::test_claim_with_partial_evidence_is_inferred PASSED [  3%]
tests/test_convergence_gate.py::TestArchitecturalClaimsScopedToAvailableEvidence::test_claim_with_direct_evidence_is_observed PASSED [  3%]
tests/test_convergence_gate.py::TestEditFooterHiddenWithoutPendingEdits::test_edit_footer_hidden_when_mode_disabled PASSED [  3%]
tests/test_convergence_gate.py::TestEditFooterHiddenWithoutPendingEdits::test_edit_footer_visible_with_pending_edits PASSED [  3%]
tests/test_convergence_gate.py::TestEditFooterHiddenWithoutPendingEdits::test_edit_footer_hidden_without_pending_edits PASSED [  3%]
tests/test_convergence_gate.py::TestMixedArabicAndFilePathRendering::test_mixed_arabic_and_file_path_rendering PASSED [  3%]
tests/test_convergence_gate.py::TestMixedArabicAndFilePathRendering::test_arabic_full_text_rendering PASSED [  3%]
tests/test_convergence_gate.py::TestMixedArabicAndFilePathRendering::test_mixed_arabic_english_with_ansi PASSED [  4%]
tests/test_convergence_gate.py::TestFinalAnswerBlockedWithInProgressTodo::test_final_answer_blocked_with_in_progress_todo PASSED [  4%]
tests/test_convergence_gate.py::TestReadTodoRequiresMatchingSuccessfulReadEvent::test_read_todo_passes_with_matching_read_event PASSED [  4%]
tests/test_convergence_gate.py::TestReadTodoRequiresMatchingSuccessfulReadEvent::test_read_todo_requires_matching_successful_read_event PASSED [  4%]
tests/test_convergence_gate.py::TestEditFooterResetsBetweenSessions::test_edit_footer_resets_between_sessions PASSED [  4%]
tests/test_convergence_gate.py::TestEditFooterResetsBetweenSessions::test_edit_footer_does_not_leak_between_tasks PASSED [  4%]
tests/test_convergence_gate.py::TestVerifyTodoRequiresVerificationEvidence::test_verify_todo_passes_with_test_evidence PASSED [  4%]
tests/test_convergence_gate.py::TestVerifyTodoRequiresVerificationEvidence::test_verify_todo_requires_verification_evidence PASSED [  4%]
tests/test_convergence_gate.py::TestArabicInputPreservesOriginalUnicode::test_arabic_with_punctuation_preserves_order PASSED [  4%]
tests/test_convergence_gate.py::TestArabicInputPreservesOriginalUnicode::test_mixed_arabic_english_preserves_order PASSED [  4%]
tests/test_convergence_gate.py::TestArabicInputPreservesOriginalUnicode::test_arabic_input_preserves_original_unicode PASSED [  4%]
tests/test_convergence_gate.py::TestArabicInputPreservesOriginalUnicode::test_english_text_unchanged PASSED [  4%]
tests/test_convergence_gate.py::TestArabicInputPreservesOriginalUnicode::test_fix_arabic_reversal_is_noop PASSED [  4%]
tests/test_convergence_gate.py::TestArabicInputPreservesOriginalUnicode::test_arabic_with_numbers_preserves_order PASSED [  4%]
tests/test_convergence_gate.py::TestFinalAnswerAllowedWhenAllTodosDone::test_final_answer_allowed_when_all_todos_done PASSED [  4%]
tests/test_convergence_gate.py::TestBudgetExhaustionReturnsPartial::test_budget_exhaustion_returns_partial_not_complete PASSED [  4%]
tests/test_ui_concurrency_slash.py::TestUiConcurrencyAndSlash::test_tool_completed_updates_last_tag PASSED [  5%]
tests/test_ui_concurrency_slash.py::TestUiConcurrencyAndSlash::test_bridge_overrides_use_safe_ui_update PASSED [  5%]
tests/test_ui_concurrency_slash.py::TestUiConcurrencyAndSlash::test_parse_command_input PASSED [  5%]
tests/test_ui_concurrency_slash.py::TestUiConcurrencyAndSlash::test_handle_clear_command PASSED [  5%]
tests/test_ui_concurrency_slash.py::TestUiConcurrencyAndSlash::test_handle_status_command PASSED [  5%]
tests/test_ui_concurrency_slash.py::TestUiConcurrencyAndSlash::test_init_concurrency_lock PASSED [  5%]
tests/test_cancellation.py::test_thread_safe_set PASSED                  [  5%]
tests/test_cancellation.py::test_cancel_and_check PASSED                 [  5%]
tests/test_cancellation.py::test_clear_cycle PASSED                      [  5%]
tests/test_cancellation.py::test_singleton_identity PASSED               [  5%]
tests/test_bootloader_and_errors.py::TestBootloaderAndErrors::test_10_typed_error_taxonomy PASSED [  5%]
tests/test_bootloader_and_errors.py::TestBootloaderAndErrors::test_bootloader_pipeline PASSED [  5%]
tests/test_sse_bridge.py::TestSSEStreamConsumer::test_fragmented_packet_reassembly_and_reasoning_lock PASSED [  5%]
tests/test_phase41_repl_stream.py::test_stream_to_full_text_to_verify PASSED [  5%]
tests/test_phase41_repl_stream.py::test_loop_uses_llm_provider_default PASSED [  5%]
tests/test_phase41_repl_stream.py::test_llm_token_event_is_recognized PASSED [  6%]
tests/test_phase41_repl_stream.py::test_execute_agent_with_memory_calls_generate_stream PASSED [  6%]
tests/test_phase41_repl_stream.py::test_stream_chunk_uses_lock PASSED    [  6%]
tests/test_phase41_repl_stream.py::test_cleanup_after_streamed_failure_inline PASSED [  6%]
tests/test_phase41_repl_stream.py::test_stream_with_unsupported_claim_rejected PASSED [  6%]
tests/test_phase41_repl_stream.py::test_cleanup_with_no_assistant_message PASSED [  6%]
tests/test_single_renderer_architecture.py::test_wire_events_yields_when_visualizer_active PASSED [  6%]
tests/test_single_renderer_architecture.py::test_basetool_forward_suppresses_bridge_emits_during_dispatch PASSED [  6%]
tests/test_single_renderer_architecture.py::test_bus_to_bridge_relay_is_one_way PASSED [  6%]
tests/test_single_renderer_architecture.py::test_wire_events_renders_when_visualizer_inactive PASSED [  6%]
tests/test_gate10_no_blind_replay.py::TestGate10NoBlindReplay::test_reconciliation_required_no_replay PASSED [  6%]
tests/test_gate10_no_blind_replay.py::TestGate10NoBlindReplay::test_unsupported_schema_no_replay PASSED [  6%]
tests/test_gate10_no_blind_replay.py::TestGate10NoBlindReplay::test_committed_not_resolved_no_replay PASSED [  6%]
tests/test_gate10_no_blind_replay.py::TestGate10NoBlindReplay::test_corrupt_record_no_replay PASSED [  6%]
tests/test_gate10_no_blind_replay.py::TestGate10NoBlindReplay::test_applied_no_replay PASSED [  6%]
tests/test_gate10_no_blind_replay.py::TestGate10NoBlindReplay::test_prepared_no_replay PASSED [  6%]
tests/test_schema_contract_snapshot.py::test_schema_field_list_unchanged PASSED [  7%]
tests/test_schema_contract_snapshot.py::test_all_schema_classes_have_snapshot_entries PASSED [  7%]
tests/test_guard_directive_separation.py::TestGuardDirectiveChannelSeparation::test_guard_directive_delivered_as_control_not_tool_result PASSED [  7%]
tests/test_guard_directive_separation.py::TestGuardDirectiveChannelSeparation::test_guard_directive_not_in_evidence_log PASSED [  7%]
tests/test_gate_l4_god_method_policy.py::TestGateL4GodMethodPolicy::test_l2_parity_contract_still_holds PASSED [  7%]
tests/test_gate_l4_god_method_policy.py::TestGateL4GodMethodPolicy::test_no_unjustified_semantic_drift_in_invoke_llm_and_normalize PASSED [  7%]
tests/test_gate_l4_god_method_policy.py::TestGateL4GodMethodPolicy::test_l3_convergence_contract_still_holds PASSED [  7%]
tests/test_gate_l4_god_method_policy.py::TestGateL4GodMethodPolicy::test_l1_truth_table_rows_still_hold PASSED [  7%]
tests/test_project_root_guard.py::TestCumulativeCdEscape::test_exact_scenario_from_the_report_is_now_caught PASSED [  7%]
tests/test_project_root_guard.py::TestCumulativeCdEscape::test_cd_chain_multiple_hops_still_tracked PASSED [  7%]
tests/test_project_root_guard.py::TestCumulativeCdEscape::test_cd_within_root_then_relative_file_resolves_correctly PASSED [  7%]
tests/test_project_root_guard.py::TestCumulativeCdEscape::test_cd_chain_escapes_then_returns_still_rejected_at_escape_point PASSED [  7%]
tests/test_project_root_guard.py::TestFailClosedOnUnresolvablePaths::test_nonexistent_path_is_rejected_fail_closed PASSED [  7%]
tests/test_project_root_guard.py::TestPlainPathsWithinRoot::test_relative_path_inside_root_passes PASSED [  7%]
tests/test_project_root_guard.py::TestPlainPathsWithinRoot::test_absolute_path_inside_root_passes PASSED [  7%]
tests/test_project_root_guard.py::TestPathTraversal::test_rejects_dotdot_traversal_out_of_root PASSED [  7%]
tests/test_project_root_guard.py::TestPathTraversal::test_allows_dotdot_that_stays_within_root PASSED [  8%]
tests/test_project_root_guard.py::TestTheActual9RouterIncident::test_check_all_stops_at_first_violation PASSED [  8%]
tests/test_project_root_guard.py::TestTheActual9RouterIncident::test_rejects_absolute_path_into_different_project PASSED [  8%]
tests/test_project_root_guard.py::TestShellCommandTokenization::test_ignores_command_flags PASSED [  8%]
tests/test_project_root_guard.py::TestShellCommandTokenization::test_extracts_path_from_compound_command PASSED [  8%]
tests/test_project_root_guard.py::TestSymlinkEscape::test_rejects_symlink_pointing_outside_root PASSED [  8%]
tests/test_subprocess_guard.py::TestSubprocessGuardAgentShell::test_consent_callback_can_block PASSED [  8%]
tests/test_subprocess_guard.py::TestSubprocessGuardAgentShell::test_dangerous_command_blocked PASSED [  8%]
tests/test_subprocess_guard.py::TestSubprocessGuardAgentShell::test_safe_command_executes PASSED [  8%]
tests/test_subprocess_guard.py::TestSubprocessGuardAgentShell::test_consent_callback_can_approve PASSED [  8%]
tests/test_subprocess_guard.py::TestSubprocessGuardPolicy::test_policy_values PASSED [  8%]
tests/test_subprocess_guard.py::TestSubprocessGuardInfra::test_infra_timeout_contained PASSED [  8%]
tests/test_subprocess_guard.py::TestSubprocessGuardInfra::test_infra_missing_binary_returns_error_tuple PASSED [  8%]
tests/test_subprocess_guard.py::TestSubprocessGuardInfra::test_infra_runs_and_returns_tuple PASSED [  8%]
tests/test_subprocess_guard.py::TestSubprocessGuardGit::test_git_push_records_evidence PASSED [  8%]
tests/test_subprocess_guard.py::TestSubprocessGuardSpawn::test_spawn_infra_returns_handle PASSED [  9%]
tests/test_subprocess_guard.py::TestSubprocessGuardSpawn::test_spawn_infra_missing_binary_returns_none PASSED [  9%]
tests/test_memory_manager.py::TestPruning::test_oldest_records_are_pruned_first PASSED [  9%]
tests/test_memory_manager.py::TestPruning::test_vacuum_called_after_thousand_deletions PASSED [  9%]
tests/test_memory_manager.py::TestPruning::test_prune_keeps_only_target_size_when_exceeding_max PASSED [  9%]
tests/test_memory_manager.py::TestPruning::test_add_memory_returns_row_id PASSED [  9%]
tests/test_memory_manager.py::TestLifecycle::test_context_manager_closes_even_on_exception PASSED [  9%]
tests/test_memory_manager.py::TestLifecycle::test_double_close_does_not_raise PASSED [  9%]
tests/test_memory_manager.py::TestLifecycle::test_del_closes_connection_without_error PASSED [  9%]
tests/test_memory_manager.py::TestLifecycle::test_close_sets_conn_to_none PASSED [  9%]
tests/test_memory_manager.py::TestLifecycle::test_context_manager_closes_on_exit PASSED [  9%]
tests/test_memory_manager.py::TestInitDB::test_wal_and_pragmas_applied PASSED [  9%]
tests/test_memory_manager.py::TestInitDB::test_creates_tables_indexes_and_fts PASSED [  9%]
tests/test_memory_manager.py::TestHybridSearch::test_recent_history_boosts_ranking_even_without_keyword_match PASSED [  9%]
tests/test_memory_manager.py::TestHybridSearch::test_sql_injection_safe_in_current_file_param PASSED [  9%]
tests/test_memory_manager.py::TestHybridSearch::test_fts_match_returns_relevant_results PASSED [  9%]
tests/test_memory_manager.py::TestHybridSearch::test_current_file_match_boosts_score PASSED [ 10%]
tests/test_memory_manager.py::TestCorruptionRecovery::test_recovers_from_corrupt_db_file PASSED [ 10%]
tests/test_memory_manager.py::TestCorruptionRecovery::test_corrupt_db_emits_warning PASSED [ 10%]
tests/test_termux_monitor.py::TestTermuxMonitorSchemaRegression::test_termux_monitor_tool_instantiates PASSED [ 10%]
tests/test_termux_monitor.py::TestTermuxMonitorSchemaRegression::test_termux_monitor_schema_validation PASSED [ 10%]
tests/test_termux_monitor.py::TestTermuxMonitorSchemaRegression::test_termux_monitor_in_tool_schemas PASSED [ 10%]
tests/test_termux_monitor.py::TestTermuxMonitorSchemaRegression::test_termux_monitor_schema_validation_as_json_string PASSED [ 10%]
tests/test_termux_monitor.py::TestTermuxMonitorParsing::test_parse_free_swap PASSED [ 10%]
tests/test_termux_monitor.py::TestTermuxMonitorParsing::test_parse_free_memory PASSED [ 10%]
tests/test_termux_monitor.py::TestTermuxMonitorParsing::test_parse_df_filesystems PASSED [ 10%]
tests/test_termux_monitor.py::TestTermuxMonitorParsing::test_execute_parses_real_shell_output PASSED [ 10%]
tests/test_termux_monitor.py::TestTermuxMonitorLive::test_execute_runs_on_host PASSED [ 10%]
tests/test_loop_progress.py::TestProductiveMultiFileInspection::test_new_evidence_resets_counter_every_time PASSED [ 10%]
tests/test_loop_progress.py::TestNoProgressTermination::test_stall_terminates_with_structured_partial PASSED [ 10%]
tests/test_loop_progress.py::TestStructuredPartialAnswer::test_hard_limit_never_emits_raw_json PASSED [ 10%]
tests/test_loop_progress.py::TestDuplicateTodoSuppression::test_identical_todo_update_suppressed_before_execution PASSED [ 10%]
tests/test_loop_progress.py::TestBroadProjectAnalysisCompletion::test_broad_analysis_completes_and_caps_stay_quiet PASSED [ 11%]
tests/test_loop_progress.py::TestDuplicateReadDetection::test_identical_call_and_result_does_not_reset PASSED [ 11%]
tests/test_loop_progress.py::TestDuplicateReadDetection::test_failed_dispatch_is_not_progress PASSED [ 11%]
tests/test_loop_progress.py::TestFinalizationReserve::test_progress_dispatch_cannot_move_phase_backwards PASSED [ 11%]
tests/test_loop_progress.py::TestFinalizationReserve::test_reserve_moves_phase_to_synthesize PASSED [ 11%]
tests/test_code_intelligence_security.py::TestCISecurity::test_ci_returns_not_found_for_nonexistent_paths PASSED [ 11%]
tests/test_code_intelligence_security.py::TestCISecurity::test_ci_stdout_no_security_compliance PASSED [ 11%]
tests/test_code_intelligence_security.py::TestCISecurity::test_ci_rejects_outside_workspace PASSED [ 11%]
tests/test_code_intelligence_security.py::TestCISecurity::test_ci_stdout_no_todo_discipline PASSED [ 11%]
tests/test_code_intelligence_security.py::TestCISecurity::test_ci_does_not_return_system_instructions PASSED [ 11%]
tests/test_phase2_pending_edits.py::test_repl_calls_drain_pending_directly_legacy PASSED [ 11%]
tests/test_phase2_pending_edits.py::test_production_pending_edit_function_exists PASSED [ 11%]
tests/test_phase2_pending_edits.py::test_repl_delegates_accept_to_canonical_api PASSED [ 11%]
tests/test_phase2_pending_edits.py::test_repl_has_direct_file_write_path_legacy PASSED [ 11%]
tests/test_phase2_pending_edits.py::test_repl_has_no_direct_file_write_path PASSED [ 11%]
tests/test_arabic_claim_verification_phase25.py::test_english_gates_still_active_after_arabic_addition PASSED [ 12%]
tests/test_arabic_claim_verification_phase25.py::test_arabic_count_mismatch_rejected PASSED [ 12%]
tests/test_arabic_claim_verification_phase25.py::test_arabic_all_passed_with_evidence_accepted PASSED [ 12%]
tests/test_arabic_claim_verification_phase25.py::test_tatweel_removed PASSED [ 12%]
tests/test_arabic_claim_verification_phase25.py::test_l2_arabic_count_extracted_and_checked PASSED [ 12%]
tests/test_arabic_claim_verification_phase25.py::test_arabic_indic_digits_mismatch_rejected PASSED [ 12%]
tests/test_arabic_claim_verification_phase25.py::test_arabic_commit_claim_without_git_evidence_rejected PASSED [ 12%]
tests/test_arabic_claim_verification_phase25.py::test_arabic_count_without_pytest_evidence_rejected PASSED [ 12%]
tests/test_arabic_claim_verification_phase25.py::test_l2_arabic_count_matches_evidence PASSED [ 12%]
tests/test_arabic_claim_verification_phase25.py::test_indic_digits_normalized PASSED [ 12%]
tests/test_arabic_claim_verification_phase25.py::test_benign_arabic_phrase_not_blocked PASSED [ 12%]
tests/test_arabic_claim_verification_phase25.py::test_arabic_all_passed_without_evidence_rejected PASSED [ 12%]
tests/test_arabic_claim_verification_phase25.py::test_arabic_no_errors_with_exec_evidence_accepted PASSED [ 12%]
tests/test_arabic_claim_verification_phase25.py::test_arabic_indic_digits_normalized_and_checked PASSED [ 12%]
tests/test_arabic_claim_verification_phase25.py::test_hamza_unified PASSED [ 12%]
tests/test_arabic_claim_verification_phase25.py::test_arabic_hamza_variant_not_bypass PASSED [ 12%]
tests/test_arabic_claim_verification_phase25.py::test_arabic_no_errors_without_exec_evidence_rejected PASSED [ 13%]
tests/test_phase51_goalspec_lmk.py::test_resume_reinjects_goal_into_runtime_state PASSED [ 13%]
tests/test_phase51_goalspec_lmk.py::test_goalspec_none_round_trips PASSED [ 13%]
tests/test_phase51_goalspec_lmk.py::test_checkpoint_persists_and_restores_goal PASSED [ 13%]
tests/test_phase51_goalspec_lmk.py::test_goalspec_round_trips_in_deep_agent_state PASSED [ 13%]
tests/test_phase51_goalspec_lmk.py::test_resume_operator_goal_overrides_checkpoint PASSED [ 13%]
tests/test_exact_action_contract.py::test_exact_action_fc_excludes_final_answer PASSED [ 13%]
tests/test_exact_action_contract.py::test_normal_mode_fc_excludes_execute_shell PASSED [ 13%]
tests/test_exact_action_contract.py::test_exact_action_schema_reflects_contract PASSED [ 13%]
tests/test_exact_action_contract.py::test_exact_action_guard_passes_execute_shell PASSED [ 13%]
tests/test_exact_action_contract.py::test_final_answer_is_control_message_flag PASSED [ 13%]
tests/test_exact_action_contract.py::test_exact_action_guard_blocks_non_shell PASSED [ 13%]
tests/test_exact_action_contract.py::test_fallback_mode_unaffected PASSED [ 13%]
tests/test_exact_action_contract.py::test_exact_action_fc_includes_execute_shell PASSED [ 13%]
tests/test_exact_action_contract.py::test_normal_mode_includes_all_tools PASSED [ 13%]
tests/test_exact_action_contract.py::test_exact_action_schema_omits_final_answer PASSED [ 13%]
tests/test_no_reasoning_leak.py::TestWireEventsNoTokenLeak::test_on_llm_token_does_not_stream_intermediate PASSED [ 14%]
tests/test_no_reasoning_leak.py::TestForbiddenPhrasesNeverLeak::test_renderer_never_emits_forbidden_phrases PASSED [ 14%]
tests/test_no_reasoning_leak.py::TestLiveThoughtNoLeak::test_start_does_not_write_stdout PASSED [ 14%]
tests/test_no_reasoning_leak.py::TestLiveThoughtNoLeak::test_feed_does_not_write_stdout PASSED [ 14%]
tests/test_no_reasoning_leak.py::TestLiveThoughtNoLeak::test_stop_does_not_write_reasoning_to_stdout PASSED [ 14%]
tests/test_no_reasoning_leak.py::TestLiveThoughtNoLeak::test_render_live_does_not_write_stdout PASSED [ 14%]
tests/test_no_reasoning_leak.py::TestRendererNoStdoutLeak::test_stream_chunk_buffers_for_flush PASSED [ 14%]
tests/test_no_reasoning_leak.py::TestRendererNoStdoutLeak::test_status_start_does_not_write_stdout PASSED [ 14%]
tests/test_no_reasoning_leak.py::TestRendererNoStdoutLeak::test_think_end_does_not_write_stdout PASSED [ 14%]
tests/test_no_reasoning_leak.py::TestRendererNoStdoutLeak::test_think_pulse_does_not_write_stdout PASSED [ 14%]
tests/test_no_reasoning_leak.py::TestRendererNoStdoutLeak::test_think_start_does_not_write_stdout PASSED [ 14%]
tests/test_no_reasoning_leak.py::TestRendererNoStdoutLeak::test_flush_writes_only_lines_and_stream PASSED [ 14%]
tests/test_no_reasoning_leak.py::TestRendererNoStdoutLeak::test_status_tick_does_not_write_stdout PASSED [ 14%]
tests/test_no_reasoning_leak.py::TestRendererNoStdoutLeak::test_status_end_does_not_write_stdout PASSED [ 14%]
tests/test_no_reasoning_leak.py::TestRendererNoStdoutLeak::test_stream_chunk_does_not_write_stdout PASSED [ 14%]
tests/test_no_reasoning_leak.py::TestReplTermuxNoLeak::test_on_loop_completed_strips_tool_call_json PASSED [ 15%]
tests/test_no_reasoning_leak.py::TestReplTermuxNoLeak::test_display_thought_content_is_noop PASSED [ 15%]
tests/test_no_reasoning_leak.py::TestReplTermuxNoLeak::test_on_loop_completed_strips_mixed_content PASSED [ 15%]
tests/test_no_reasoning_leak.py::TestReplTermuxNoLeak::test_on_loop_completed_strips_forbidden_phrases PASSED [ 15%]
tests/test_gate_l1_loop_semantics.py::TestGateL1TruthTableSemantics::test_truth_table_every_return_site_enumerated PASSED [ 15%]
tests/test_gate_l1_loop_semantics.py::TestGateL1TruthTableSemantics::test_retry_budget_effect_matches_table PASSED [ 15%]
tests/test_gate_l1_loop_semantics.py::TestGateL1TruthTableSemantics::test_no_dual_terminal_outcome PASSED [ 15%]
tests/test_gate_l1_loop_semantics.py::TestGateL1TruthTableSemantics::test_no_silent_prompt_return PASSED [ 15%]
tests/test_gate_l1_loop_semantics.py::TestGateL1TruthTableSemantics::test_truth_table_manifest_matches_ast PASSED [ 15%]
tests/test_gate_l1_loop_semantics.py::TestGateL1TruthTableSemantics::test_no_double_tool_execution_per_signal PASSED [ 15%]
tests/test_gate_l1_loop_semantics.py::TestGateL1TruthTableSemantics::test_aliasing_only_when_columns_identical PASSED [ 15%]
tests/test_gate_l1_loop_semantics.py::TestGateL1TruthTableSemantics::test_no_security_gate_skip_per_signal PASSED [ 15%]
tests/test_phase5_harden.py::test_chitchat_set_contains_greetings PASSED [ 15%]
tests/test_phase5_harden.py::test_deep_agent_design_decision_documented PASSED [ 15%]
tests/test_phase5_harden.py::test_loop_prompter_uses_is_chitchat PASSED  [ 15%]
tests/test_phase5_harden.py::test_loop_prompter_casual_exception PASSED  [ 15%]
tests/test_phase5_harden.py::test_tactical_fast_fail_402 PASSED          [ 16%]
tests/test_phase5_harden.py::test_verifier_error_not_in_evidence PASSED  [ 16%]
tests/test_phase5_harden.py::test_fixation_breaker_soft_interception PASSED [ 16%]
tests/test_phase5_harden.py::test_chitchat_empty_false PASSED            [ 16%]
tests/test_phase5_harden.py::test_deep_agent_has_verify_gate PASSED      [ 16%]
tests/test_phase5_harden.py::test_provider_state_path_isolation PASSED   [ 16%]
tests/test_phase5_harden.py::test_all_modules_compile PASSED             [ 16%]
tests/test_phase5_harden.py::test_substantive_not_chitchat PASSED        [ 16%]
tests/test_phase5_harden.py::test_provider_state_without_key_uses_default PASSED [ 16%]
tests/test_phase5_harden.py::test_evidence_feedback_loop_soft_interception PASSED [ 16%]
tests/test_phase5_harden.py::test_chitchat_case_insensitive PASSED       [ 16%]
tests/test_phase5_harden.py::test_safe_strip_and_last_response_safety PASSED [ 16%]
tests/test_evidence_claim_check.py::TestEdgeCases::test_unknown_evidence_id_rejected PASSED [ 16%]
tests/test_evidence_claim_check.py::TestEdgeCases::test_failed_tool_call_cannot_support_claim PASSED [ 16%]
tests/test_evidence_claim_check.py::TestFailClosedOnUnparsableClaims::test_unparsable_narrative_is_rejected_not_silently_passed PASSED [ 16%]
tests/test_evidence_claim_check.py::TestPathMatchingAgainstShellCommands::test_strict_full_path_mismatch_detected_separately PASSED [ 16%]
tests/test_evidence_claim_check.py::TestPathMatchingAgainstShellCommands::test_rejects_mismatched_project_path PASSED [ 17%]
tests/test_evidence_claim_check.py::TestPathMatchingAgainstShellCommands::test_matches_relative_path_inside_full_shell_command PASSED [ 17%]
tests/test_evidence_claim_check.py::TestSymbolMustBeRealDefinition::test_accepts_real_class_definition PASSED [ 17%]
tests/test_evidence_claim_check.py::TestSymbolMustBeRealDefinition::test_rejects_symbol_as_substring_of_another_name PASSED [ 17%]
tests/test_evidence_claim_check.py::TestSymbolMustBeRealDefinition::test_rejects_symbol_mentioned_only_in_comment PASSED [ 17%]
tests/test_evidence_claim_check.py::TestSymbolMustBeRealDefinition::test_accepts_real_function_definition PASSED [ 17%]
tests/test_evidence_claim_check.py::TestSanitizeIncidentRegression::test_rejects_the_actual_false_claim PASSED [ 17%]
tests/test_evidence_claim_check.py::TestSanitizeIncidentRegression::test_accepts_the_true_location PASSED [ 17%]
tests/test_evidence_claim_check.py::TestArabicNarrativeSupport::test_rejects_arabic_false_claim PASSED [ 17%]
tests/test_evidence_claim_check.py::TestArabicNarrativeSupport::test_accepts_arabic_true_claim PASSED [ 17%]
tests/test_phase_ui.py::test_todo_block_done PASSED                      [ 17%]
tests/test_phase_ui.py::test_todo_block_mixed PASSED                     [ 17%]
tests/test_phase_ui.py::test_badge_contains_label PASSED                 [ 17%]
tests/test_phase_ui.py::test_map_execute_shell PASSED                    [ 17%]
tests/test_phase_ui.py::test_tool_header_no_extra PASSED                 [ 17%]
tests/test_phase_ui.py::test_map_search_memory PASSED                    [ 18%]
tests/test_phase_ui.py::test_render_diff_collapsed PASSED                [ 18%]
tests/test_phase_ui.py::test_map_replace_tool PASSED                     [ 18%]
tests/test_phase_ui.py::test_render_diff_added PASSED                    [ 18%]
tests/test_phase_ui.py::test_badge_warn_color PASSED                     [ 18%]
tests/test_phase_ui.py::test_map_empty PASSED                            [ 18%]
tests/test_phase_ui.py::test_think_line_with_duration PASSED             [ 18%]
tests/test_phase_ui.py::test_map_todo_write PASSED                       [ 18%]
tests/test_phase_ui.py::test_kinetic_idempotent_start_stop PASSED        [ 18%]
tests/test_phase_ui.py::test_map_file_system_write PASSED                [ 18%]
tests/test_phase_ui.py::test_collapsed_zero PASSED                       [ 18%]
tests/test_phase_ui.py::test_todo_block_pending PASSED                   [ 18%]
tests/test_phase_ui.py::test_tool_header_format PASSED                   [ 18%]
tests/test_phase_ui.py::test_think_line_no_duration PASSED               [ 18%]
tests/test_phase_ui.py::test_map_str_replace_edit PASSED                 [ 18%]
tests/test_phase_ui.py::test_badge_err_color PASSED                      [ 18%]
tests/test_phase_ui.py::test_map_unknown PASSED                          [ 19%]
tests/test_phase_ui.py::test_map_web_search PASSED                       [ 19%]
tests/test_phase_ui.py::test_collapsed_count PASSED                      [ 19%]
tests/test_phase_ui.py::test_renderer_concurrent_calls PASSED            [ 19%]
tests/test_phase_ui.py::test_render_diff_empty PASSED                    [ 19%]
tests/test_phase_ui.py::test_verifier_reject_contains_badge PASSED       [ 19%]
tests/test_phase_ui.py::test_map_file_system_read PASSED                 [ 19%]
tests/test_skills.py::TestSkillRouterAndStubs::test_all_15_design_verbs_registered PASSED [ 19%]
tests/test_skills.py::TestSkillRouterAndStubs::test_external_skill_stub_allowed_tools_and_fetch PASSED [ 19%]
tests/test_skills.py::TestSkillRouterAndStubs::test_external_skill_stub_missing_gate PASSED [ 19%]
tests/test_skills.py::TestSkillRouterAndStubs::test_review_inspector_audit_and_report PASSED [ 19%]
tests/test_skills.py::TestSkillRouterAndStubs::test_skill_loader_frontmatter_parsing PASSED [ 19%]
tests/test_skills.py::TestSkillRouterAndStubs::test_assert_mutation_allowed_gate PASSED [ 19%]
tests/test_skills.py::TestSkillRouterAndStubs::test_brief_sufficiency_non_blocking PASSED [ 19%]
tests/test_skills.py::TestSkillRouterAndStubs::test_deslop_and_color_inspectors PASSED [ 19%]
tests/test_skills.py::TestNativeSkillsLoader::test_discover_skills_empty_when_no_dir PASSED [ 20%]
tests/test_skills.py::TestNativeSkillsLoader::test_execute_skill_args_cannot_bypass_heuristics PASSED [ 20%]
tests/test_skills.py::TestNativeSkillsLoader::test_execute_skill_substitutes_args_into_placeholder PASSED [ 20%]
tests/test_skills.py::TestNativeSkillsLoader::test_discover_skills_parses_plusplus_frontmatter PASSED [ 20%]
tests/test_skills.py::TestNativeSkillsLoader::test_format_skill_context_renders_block PASSED [ 20%]
tests/test_skills.py::TestNativeSkillsLoader::test_execute_skill_still_blocked_by_phase21_heuristics PASSED [ 20%]
tests/test_skills.py::TestNativeSkillsLoader::test_format_skill_context_empty_when_no_skills PASSED [ 20%]
tests/test_skills.py::TestNativeSkillsLoader::test_discover_skills_malformed_yaml_is_skipped PASSED [ 20%]
tests/test_skills.py::TestNativeSkillsLoader::test_execute_skill_runs_through_shelltool_and_records_evidence PASSED [ 20%]
tests/test_skills.py::TestNativeSkillsLoader::test_discover_skills_missing_frontmatter_is_skipped PASSED [ 20%]
tests/test_skills.py::TestNativeSkillsLoader::test_find_skill_case_insensitive PASSED [ 20%]
tests/test_skills.py::TestNativeSkillsLoader::test_discover_dedupes_by_name_keeping_workspace_first PASSED [ 20%]
tests/test_skills.py::TestNativeSkillsLoader::test_discover_skills_no_skills_md_is_skipped PASSED [ 20%]
tests/test_e2e_transcript.py::TestE2ETranscriptBothEngines::test_both_engines_block_and_allow_identically PASSED [ 20%]
tests/test_e2e_transcript.py::TestNativeDeepAgentE2ETranscript::test_full_transcript_native_deep_agent PASSED [ 20%]
tests/test_e2e_transcript.py::TestNativeDeepAgentE2ETranscript::test_transcript_native_deep_agent_plan_bound_to_convergence PASSED [ 20%]
tests/test_e2e_transcript.py::TestNativeDeepAgentE2ETranscript::test_transcript_budget_exhaustion_returns_partial PASSED [ 21%]
tests/test_e2e_transcript.py::TestExecutionLoopE2ETranscript::test_transcript_with_final_answer_blocked_event PASSED [ 21%]
tests/test_e2e_transcript.py::TestExecutionLoopE2ETranscript::test_transcript_reading_different_file_does_not_complete_todo PASSED [ 21%]
tests/test_e2e_transcript.py::TestExecutionLoopE2ETranscript::test_full_transcript_execution_loop PASSED [ 21%]
tests/test_r42_target_evidence.py::TestCheckRequiredTargetInEvidence::test_06_llm_claim_without_metadata_rejects PASSED [ 21%]
tests/test_r42_target_evidence.py::TestCheckRequiredTargetInEvidence::test_05_directory_list_does_not_satisfy PASSED [ 21%]
tests/test_r42_target_evidence.py::TestCheckRequiredTargetInEvidence::test_08_normalized_matching_dot_slash PASSED [ 21%]
tests/test_r42_target_evidence.py::TestCheckRequiredTargetInEvidence::test_09_no_target_required_passes PASSED [ 21%]
tests/test_r42_target_evidence.py::TestCheckRequiredTargetInEvidence::test_01_correct_target_passes PASSED [ 21%]
tests/test_r42_target_evidence.py::TestCheckRequiredTargetInEvidence::test_10_backslash_path_matches PASSED [ 21%]
tests/test_r42_target_evidence.py::TestCheckRequiredTargetInEvidence::test_03_same_basename_wrong_dir_rejects PASSED [ 21%]
tests/test_r42_target_evidence.py::TestCheckRequiredTargetInEvidence::test_04_failed_read_rejects PASSED [ 21%]
tests/test_r42_target_evidence.py::TestCheckRequiredTargetInEvidence::test_02_unrelated_target_rejects PASSED [ 21%]
tests/test_r42_target_evidence.py::TestCheckRequiredTargetInEvidence::test_07_missing_target_rejects PASSED [ 21%]
tests/test_r42_target_evidence.py::TestVerifyFreshIntentParam::test_check_investigation_gates_signature_has_intent PASSED [ 21%]
tests/test_r42_target_evidence.py::TestVerifyFreshIntentParam::test_verify_fresh_signature_has_intent PASSED [ 21%]
tests/test_r42_target_evidence.py::TestVerifyFreshIntentParam::test_verifier_verify_signature_has_intent PASSED [ 22%]
tests/test_r42_target_evidence.py::TestNativeLiveSmoke::test_normalize_path_rejection_coverage 
tests/test_r42_target_evidence.py::TestNativeLiveSmoke::test_normalize_path_rejection_coverage PASSED [ 22%]
tests/test_r42_target_evidence.py::TestNativeLiveSmoke::test_target_match_normalized PASSED [ 22%]
tests/test_r42_target_evidence.py::TestNativeLiveSmoke::test_normalize_path_extreme_coverage 
tests/test_r42_target_evidence.py::TestNativeLiveSmoke::test_normalize_path_extreme_coverage PASSED [ 22%]
tests/test_r42_target_evidence.py::TestNativeLiveSmoke::test_target_mismatch_same_basename PASSED [ 22%]
tests/test_r42_target_evidence.py::TestNoClassifyIntentInChokePoints::test_check_investigation_gates_uses_intent_param PASSED [ 22%]
tests/test_r42_target_evidence.py::TestNormalizePathExtreme::test_windowss_backslash PASSED [ 22%]
tests/test_r42_target_evidence.py::TestNormalizePathExtreme::test_rejects_home_with_path PASSED [ 22%]
tests/test_r42_target_evidence.py::TestNormalizePathExtreme::test_normal_dot_slash PASSED [ 22%]
tests/test_r42_target_evidence.py::TestNormalizePathExtreme::test_rejects_traversal PASSED [ 22%]
tests/test_r42_target_evidence.py::TestNormalizePathExtreme::test_quoted_path_no_space PASSED [ 22%]
tests/test_r42_target_evidence.py::TestNormalizePathExtreme::test_inline_dot_component PASSED [ 22%]
tests/test_r42_target_evidence.py::TestNormalizePathExtreme::test_empty_string PASSED [ 22%]
tests/test_r42_target_evidence.py::TestNormalizePathExtreme::test_double_forward_slash PASSED [ 22%]
tests/test_r42_target_evidence.py::TestNormalizePathExtreme::test_nul_only_path PASSED [ 22%]
tests/test_r42_target_evidence.py::TestNormalizePathExtreme::test_triple_forward_slash PASSED [ 23%]
tests/test_r42_target_evidence.py::TestNormalizePathExtreme::test_quoted_path_with_space PASSED [ 23%]
tests/test_r42_target_evidence.py::TestNormalizePathExtreme::test_rejects_home_dir PASSED [ 23%]
tests/test_r42_target_evidence.py::TestNormalizePathExtreme::test_unc_path_forward PASSED [ 23%]
tests/test_r42_target_evidence.py::TestNormalizePathExtreme::test_relative_complex PASSED [ 23%]
tests/test_r42_target_evidence.py::TestNormalizePathExtreme::test_forward_backslash_mixed PASSED [ 23%]
tests/test_r42_target_evidence.py::TestNormalizePathExtreme::test_rejects_deep_traversal PASSED [ 23%]
tests/test_r42_target_evidence.py::TestNormalizePathExtreme::test_single_dot PASSED [ 23%]
tests/test_r42_target_evidence.py::TestNormalizePathExtreme::test_nul_character_in_path PASSED [ 23%]
tests/test_r42_target_evidence.py::TestNormalizePathExtreme::test_normal_basic PASSED [ 23%]
tests/test_r42_target_evidence.py::TestNormalizePathExtreme::test_unc_path_backslash PASSED [ 23%]
tests/test_r42_target_evidence.py::TestNormalizePathExtreme::test_same_basename_diff_dir PASSED [ 23%]
tests/test_r42_target_evidence.py::TestNormalizePathExtreme::test_rejects_absolute PASSED [ 23%]
tests/test_r42_target_evidence.py::TestNormalizePathExtreme::test_normal_double_dot_slash PASSED [ 23%]
tests/test_r42_target_evidence.py::TestCheckInvestigationGatesIntentParam::test_investigation_intent_enum_accepted PASSED [ 23%]
tests/test_r42_target_evidence.py::TestCheckInvestigationGatesIntentParam::test_intent_param_used_when_provided PASSED [ 23%]
tests/test_r42_target_evidence.py::TestCheckInvestigationGatesIntentParam::test_intent_param_chat_bypasses PASSED [ 24%]
tests/test_tool_routing.py::TestTodoIsolation::test_new_task_clears_todos PASSED [ 24%]
tests/test_tool_routing.py::TestTodoIsolation::test_explicit_continuation_preserves_todos PASSED [ 24%]
tests/test_tool_routing.py::TestTodoIsolation::test_clear_between_unrelated_turns PASSED [ 24%]
tests/test_tool_routing.py::TestTodoIsolation::test_set_plan_replaces_old_todos PASSED [ 24%]
tests/test_tool_routing.py::TestTodoIsolation::test_stale_todos_persist_without_clear PASSED [ 24%]
tests/test_tool_routing.py::TestFileSystemValidation::test_non_string_path_returns_validation_error PASSED [ 24%]
tests/test_tool_routing.py::TestFileSystemValidation::test_missing_action_returns_validation_error PASSED [ 24%]
tests/test_tool_routing.py::TestFileSystemValidation::test_invalid_action_returns_validation_error PASSED [ 24%]
tests/test_tool_routing.py::TestFileSystemValidation::test_missing_path_returns_validation_error PASSED [ 24%]
tests/test_tool_routing.py::TestShellOutputVisibility::test_long_shell_output_keeps_compact PASSED [ 24%]
tests/test_tool_routing.py::TestShellOutputVisibility::test_failed_shell_shows_error PASSED [ 24%]
tests/test_tool_routing.py::TestShellOutputVisibility::test_short_shell_output_shows_content PASSED [ 24%]
tests/test_tool_routing.py::TestExactActionContract::test_contract_detection_pattern PASSED [ 24%]
tests/test_tool_routing.py::TestExactActionContract::test_exact_shell_command_detected_in_prompt PASSED [ 24%]
tests/test_tool_routing.py::TestShellRouting::test_valid_file_path_not_blocked PASSED [ 24%]
tests/test_tool_routing.py::TestShellRouting::test_shell_command_with_args_also_detected PASSED [ 25%]
tests/test_tool_routing.py::TestShellRouting::test_bare_shell_command_routed_to_file_system_returns_typed_error PASSED [ 25%]
tests/test_tool_routing.py::TestShellRouting::test_action_not_string_returns_validation_error PASSED [ 25%]
tests/test_tool_routing.py::TestShellRouting::test_directory_path_not_blocked PASSED [ 25%]
tests/test_red_team_phase22.py::test_todo_done_without_evidence_is_blocked PASSED [ 25%]
tests/test_red_team_phase22.py::test_false_pytest_success_claim_rejected PASSED [ 25%]
tests/test_red_team_phase22.py::test_false_file_existence_claim_rejected PASSED [ 25%]
tests/test_red_team_phase22.py::test_approval_bound_to_exact_command PASSED [ 25%]
tests/test_red_team_phase22.py::test_false_symbol_definition_claim_rejected PASSED [ 25%]
tests/test_red_team_phase22.py::test_unresolvable_path_fails_closed PASSED [ 25%]
tests/test_red_team_phase22.py::test_empty_enter_does_not_approve PASSED [ 25%]
tests/test_red_team_phase22.py::test_symlink_escape_denied PASSED        [ 25%]
tests/test_red_team_phase22.py::test_denial_is_auditable PASSED          [ 25%]
tests/test_red_team_phase22.py::test_absolute_path_escape_denied PASSED  [ 25%]
tests/test_red_team_phase22.py::test_exact_action_prevents_multiple_tool_calls PASSED [ 25%]
tests/test_red_team_phase22.py::test_shell_without_consent_is_blocked PASSED [ 26%]
tests/test_red_team_phase22.py::test_ignore_previous_instructions_path_escape PASSED [ 26%]
tests/test_red_team_phase22.py::test_timeout_is_reported_not_swallowed PASSED [ 26%]
tests/test_red_team_phase22.py::test_exact_action_blocks_non_execute_shell_tool PASSED [ 26%]
tests/test_red_team_phase22.py::test_final_answer_not_usable_as_normal_tool PASSED [ 26%]
tests/test_red_team_phase22.py::test_maintenance_mode_override_denied PASSED [ 26%]
tests/test_red_team_phase22.py::test_relative_traversal_denied PASSED    [ 26%]
tests/test_red_team_phase22.py::test_security_disabled_claim_denied PASSED [ 26%]
tests/test_red_team_phase22.py::test_etc_passwd_request_denied PASSED    [ 26%]
tests/test_red_team_phase22.py::test_old_approval_cannot_authorize_new_command PASSED [ 26%]
tests/test_red_team_phase22.py::test_compound_cd_escape_denied PASSED    [ 26%]
tests/test_red_team_phase22.py::test_false_commit_claim_rejected PASSED  [ 26%]
tests/test_dangerous_todo_scenario.py::TestDangerousTodoScenario::test_failing_verification_blocked_from_marking_done_without_evidence PASSED [ 26%]
tests/test_smolagents_compatibility.py::TestSmolagentsCodeAgent::test_fast_path_data_driven_dispatch_exact_matches PASSED [ 26%]
tests/test_smolagents_compatibility.py::TestSmolagentsCodeAgent::test_fast_path_avoids_false_positives PASSED [ 26%]
tests/test_smolagents_compatibility.py::TestSmolagentsCodeAgent::test_managed_agent_delegation PASSED [ 26%]
tests/test_smolagents_compatibility.py::TestSmolagentsCodeAgent::test_react_loop_tool_execution_and_final_answer PASSED [ 27%]
tests/test_python_repl.py::TestPythonREPLTool::test_ast_security_blocks_subprocess_import PASSED [ 27%]
tests/test_python_repl.py::TestPythonREPLTool::test_ast_security_blocks_rmtree_call PASSED [ 27%]
tests/test_python_repl.py::TestPythonREPLTool::test_ast_security_blocks_from_import PASSED [ 27%]
tests/test_python_repl.py::TestPythonREPLTool::test_circuit_breaker_timeout PASSED [ 27%]
tests/test_python_repl.py::TestPythonREPLTool::test_ast_security_blocks_system_call PASSED [ 27%]
tests/test_python_repl.py::TestPythonREPLTool::test_syntax_error_reported_by_execution PASSED [ 27%]
tests/test_python_repl.py::TestPythonREPLTool::test_execution_without_print PASSED [ 27%]
tests/test_python_repl.py::TestPythonREPLTool::test_normal_execution_with_print PASSED [ 27%]
tests/test_repo_scan.py::test_detects_build_system PASSED                [ 27%]
tests/test_repo_scan.py::test_deep_action_roundtrip PASSED               [ 27%]
tests/test_repo_scan.py::test_metrics_positive PASSED                    [ 27%]
tests/test_repo_scan.py::test_module_helper_matches_method PASSED        [ 27%]
tests/test_repo_scan.py::test_deep_scan_returns_dict PASSED              [ 27%]
tests/test_repo_scan.py::test_detects_layers PASSED                      [ 27%]
tests/test_footer.py::test_no_hardcoded_colors_in_footer PASSED          [ 27%]
tests/test_footer.py::test_render_active_contains_jk PASSED              [ 28%]
tests/test_footer.py::test_render_active_is_renderable PASSED            [ 28%]
tests/test_footer.py::test_footer_uses_theme_color PASSED                [ 28%]
tests/test_footer.py::test_render_inactive_empty PASSED                  [ 28%]
tests/test_footer.py::test_render_active_contains_esc PASSED             [ 28%]
tests/test_footer.py::test_render_active_contains_enter PASSED           [ 28%]
tests/test_semantic_memory.py::TestSemanticMemoryPipeline::test_sanitization_integration PASSED [ 28%]
tests/test_semantic_memory.py::TestSemanticMemoryPipeline::test_add_and_search_memory PASSED [ 28%]
tests/test_semantic_memory.py::TestSemanticMemoryPipeline::test_context_stuffing_prevention PASSED [ 28%]
tests/test_semantic_memory.py::TestPurePythonEmbedder::test_semantic_similarity_ranking PASSED [ 28%]
tests/test_semantic_memory.py::TestPurePythonEmbedder::test_embed_deterministic_and_normalized PASSED [ 28%]
tests/test_phase_fallback_restrictions.py::test_fallback_mode_activates_after_two_failures PASSED [ 28%]
tests/test_phase_fallback_restrictions.py::test_fallback_injects_restriction_prompt PASSED [ 28%]
tests/test_phase_fallback_restrictions.py::test_fallback_mode_filters_tools PASSED [ 28%]
tests/test_phase_fallback_restrictions.py::test_no_fallback_prompt_when_normal PASSED [ 28%]
tests/test_phase_fallback_restrictions.py::test_fallback_mode_restores_on_success PASSED [ 29%]
tests/test_react_style_parser.py::TestReactStyleParser::test_final_answer_with_quotes PASSED [ 29%]
tests/test_react_style_parser.py::TestReactStyleParser::test_plain_prose_returns_none PASSED [ 29%]
tests/test_react_style_parser.py::TestReactStyleParser::test_action_json_interception PASSED [ 29%]
tests/test_react_style_parser.py::TestReactStyleParser::test_search_with_quotes PASSED [ 29%]
tests/test_react_style_parser.py::TestReactStyleParser::test_action_json_with_name_alias PASSED [ 29%]
tests/test_react_style_parser.py::TestReactStyleParser::test_action_json_with_code_fence PASSED [ 29%]
tests/test_react_style_parser.py::TestReactStyleParser::test_final_answer_prose_colon PASSED [ 29%]
tests/test_react_style_parser.py::TestReactStyleParser::test_search_without_quotes PASSED [ 29%]
tests/test_react_style_parser.py::TestReactStyleParser::test_search_with_brackets PASSED [ 29%]
tests/test_react_style_parser.py::TestReactStyleParser::test_canonical_json_still_preferred PASSED [ 29%]
tests/test_completion_policy.py::TestReadCompletionPolicy::test_read_completion_requires_matching_read_evidence PASSED [ 29%]
tests/test_completion_policy.py::TestReadCompletionPolicy::test_failed_read_cannot_complete_read_item PASSED [ 29%]
tests/test_completion_policy.py::TestReadCompletionPolicy::test_read_evidence_for_different_path_is_rejected PASSED [ 29%]
tests/test_completion_policy.py::TestAnalyzeCompletionPolicy::test_analyze_completion_does_not_require_fake_tool_event PASSED [ 29%]
tests/test_completion_policy.py::TestDeserializedDoneItemRevalidated::test_deserialized_done_item_is_revalidated_when_required PASSED [ 29%]
tests/test_completion_policy.py::TestVerifyCompletionPolicy::test_verify_completion_requires_independent_verification PASSED [ 30%]
tests/test_completion_policy.py::TestUserDecisionCompletionPolicy::test_user_decision_requires_explicit_user_input PASSED [ 30%]
tests/test_completion_policy.py::TestTestCompletionPolicy::test_test_completion_requires_executed_command_and_exit_code PASSED [ 30%]
tests/test_completion_policy.py::TestTestCompletionPolicy::test_failed_test_cannot_complete_test_item PASSED [ 30%]
tests/test_completion_policy.py::TestDirectMutationCannotBypassValidation::test_direct_done_mutation_cannot_bypass_validation PASSED [ 30%]
tests/test_completion_policy.py::TestEditCompletionPolicy::test_edit_completion_requires_successful_mutation_or_diff PASSED [ 30%]
tests/test_fix_command.py::TestFixCommandIntegration::test_slash_fix_dispatches PASSED [ 30%]
tests/test_fix_command.py::TestFixCommandCore::test_syntax_error_file_raises PASSED [ 30%]
tests/test_fix_command.py::TestFixCommandCore::test_extract_top_level_function PASSED [ 30%]
tests/test_fix_command.py::TestFixCommandCore::test_extract_async_method PASSED [ 30%]
tests/test_fix_command.py::TestFixCommandCore::test_extract_class_method PASSED [ 30%]
tests/test_fix_command.py::TestFixCommandCore::test_extract_private_function PASSED [ 30%]
tests/test_fix_command.py::TestFixCommandCore::test_function_not_found_returns_none PASSED [ 30%]
tests/test_fix_command.py::TestFixCommandCore::test_empty_file_returns_none PASSED [ 30%]
tests/test_phase3_e2e_transcript.py::TestTurnOutcomeNotIterable::test_turn_outcome_structured_access_works PASSED [ 30%]
tests/test_phase3_e2e_transcript.py::TestTurnOutcomeNotIterable::test_turn_outcome_not_iterable PASSED [ 30%]
tests/test_phase3_e2e_transcript.py::TestTurnOutcomeNotIterable::test_turn_outcome_display_text_fallback PASSED [ 31%]
tests/test_phase3_e2e_transcript.py::TestTurnOutcomeNotIterable::test_turn_outcome_not_iterable_for_loop PASSED [ 31%]
tests/test_phase3_e2e_transcript.py::TestE2eTranscriptContracts::test_successful_turn_emits_one_completed PASSED [ 31%]
tests/test_phase3_e2e_transcript.py::TestE2eTranscriptContracts::test_cancellation_emits_failed_interrupted PASSED [ 31%]
tests/test_phase3_e2e_transcript.py::TestE2eTranscriptContracts::test_duplicate_finalization_emits_one_outcome PASSED [ 31%]
tests/test_phase3_e2e_transcript.py::TestE2eTranscriptContracts::test_no_outcome_before_finalize PASSED [ 31%]
tests/test_phase3_e2e_transcript.py::TestE2eTranscriptContracts::test_run_returns_turn_outcome PASSED [ 31%]
tests/test_phase3_e2e_transcript.py::TestE2eTranscriptContracts::test_connection_refused_emits_failed PASSED [ 31%]
tests/test_phase3_e2e_transcript.py::TestE2eTranscriptContracts::test_retry_exhaustion_one_terminal_outcome PASSED [ 31%]
tests/test_phase3_e2e_transcript.py::TestE2eTranscriptContracts::test_empty_llm_response_produces_terminal_outcome PASSED [ 31%]
tests/test_phase3_e2e_transcript.py::TestE2eTranscriptContracts::test_finally_does_not_overwrite_completed PASSED [ 31%]
tests/test_phase3_e2e_transcript.py::TestE2eTranscriptContracts::test_deep_agent_has_turn_finalizer PASSED [ 31%]
tests/test_phase3_e2e_transcript.py::TestE2eTranscriptContracts::test_unexpected_exception_produces_failed PASSED [ 31%]
tests/test_phase3_e2e_transcript.py::TestE2eTranscriptContracts::test_llm_invocation_result_status_mapping PASSED [ 31%]
tests/test_loop_repetition_guard.py::TestLoopRepetitionGuard::test_repetition_guard_triggers_kill_switch PASSED [ 31%]
tests/test_loop_repetition_guard.py::TestLoopRepetitionGuard::test_bullet_tolerant_thought_ban_triggers_kill_switch PASSED [ 32%]
tests/test_loop_repetition_guard.py::TestLoopRepetitionGuard::test_thought_only_block_ban_triggers_kill_switch PASSED [ 32%]
tests/test_loop_repetition_guard.py::TestLoopRepetitionGuard::test_normalized_fingerprint_catches_varying_thought_seconds PASSED [ 32%]
tests/test_loop_repetition_guard.py::TestFinalAnswerTermination::test_final_answer_not_in_rejected_tool_prompts PASSED [ 32%]
tests/test_loop_repetition_guard.py::TestFinalAnswerTermination::test_final_answer_terminates_without_tool_loop PASSED [ 32%]
tests/test_r4_intent_routing.py::TestNoMonkeypatchE2ES1::test_e2e_s1_single_file PASSED [ 32%]
tests/test_r4_intent_routing.py::TestMissingTrackerRejection::test_missing_tracker_refuses_finalization PASSED [ 32%]
tests/test_r4_intent_routing.py::TestWrongTaxonomyFailsClosed::test_wrong_taxonomy_fails_closed PASSED [ 32%]
tests/test_r4_intent_routing.py::TestWrongTaxonomyFailsClosed::test_valid_enum_passes PASSED [ 32%]
tests/test_r4_intent_routing.py::TestNoMonkeypatchE2ES2::test_e2e_s2_repo_investigation_policy PASSED [ 32%]
tests/test_r4_intent_routing.py::TestNoMonkeypatchE2ES2::test_e2e_s2_policy_not_weak PASSED [ 32%]
tests/test_r4_intent_routing.py::TestProductionCallCount::test_classify_intent_called_once_per_run PASSED [ 32%]
tests/test_r4_intent_routing.py::TestS2Classification::test_s2_classifies_as_multi_stage PASSED [ 32%]
tests/test_r4_intent_routing.py::TestS2Classification::test_s2_policy_plan_and_reads PASSED [ 32%]
tests/test_r4_intent_routing.py::TestS1Classification::test_s1_classifies_as_single_file PASSED [ 32%]
tests/test_r4_intent_routing.py::TestS1Classification::test_s1_target_extraction PASSED [ 32%]
tests/test_r4_intent_routing.py::TestS1Classification::test_s1_policy_reads_plan_target PASSED [ 33%]
tests/test_tool_routing_gap_closure.py::TestPathRouting::test_one_shot_query_receives_exact_action_policy PASSED [ 33%]
tests/test_tool_routing_gap_closure.py::TestPathRouting::test_interactive_turn_receives_exact_action_policy PASSED [ 33%]
tests/test_tool_routing_gap_closure.py::TestShellOutputVisibility::test_short_shell_stdout_is_rendered_sanitized PASSED [ 33%]
tests/test_tool_routing_gap_closure.py::TestExactShellIntent::test_exact_action_no_extra_step_increment_after_max_calls PASSED [ 33%]
tests/test_tool_routing_gap_closure.py::TestExactShellIntent::test_exact_shell_intent_never_calls_file_system PASSED [ 33%]
tests/test_tool_routing_gap_closure.py::TestExactShellIntent::test_exact_shell_intent_selects_execute_shell_before_dispatch PASSED [ 33%]
tests/test_tool_routing_gap_closure.py::TestExactShellIntent::test_exact_action_allows_at_most_one_tool_call PASSED [ 33%]
tests/test_tool_routing_gap_closure.py::TestConsentBinding::test_consent_denied_executes_zero_commands PASSED [ 33%]
tests/test_tool_routing_gap_closure.py::TestConsentBinding::test_consent_is_bound_to_current_turn_and_exact_command PASSED [ 33%]
tests/test_tool_routing_gap_closure.py::TestConsentBinding::test_consent_allowed_executes_exactly_once PASSED [ 33%]
tests/test_tool_routing_gap_closure.py::TestConsentBinding::test_old_shell_approval_cannot_authorize_new_command PASSED [ 33%]
tests/test_tool_routing_gap_closure.py::TestExactActionPolicy::test_exact_action_disallows_fallback_tools PASSED [ 33%]
tests/test_tool_routing_gap_closure.py::TestExactActionPolicy::test_exact_action_disables_todo_reads_and_writes PASSED [ 33%]
tests/test_tool_routing_gap_closure.py::TestErrorIsolation::test_no_routing_error_reaches_user_after_successful_selection PASSED [ 33%]
tests/test_tool_routing_gap_closure.py::TestTodoIsolation::test_unrelated_task_suspends_without_deleting_old_todos PASSED [ 33%]
tests/test_tool_routing_gap_closure.py::TestTodoIsolation::test_explicit_resume_restores_previous_todo_scope PASSED [ 34%]
tests/test_completion_tracker.py::TestTodoManagerCompletionTracker::test_empty_plan PASSED [ 34%]
tests/test_completion_tracker.py::TestTodoManagerCompletionTracker::test_converts_all_todos PASSED [ 34%]
tests/test_completion_tracker.py::TestTodoManagerCompletionTracker::test_preserves_done_status PASSED [ 34%]
tests/test_completion_tracker.py::TestTodoManagerCompletionTracker::test_preserves_skipped_with_reason PASSED [ 34%]
tests/test_completion_tracker.py::TestCanFinalizeWithCompletionTracker::test_backward_compat_no_args_allows PASSED [ 34%]
tests/test_completion_tracker.py::TestCanFinalizeWithCompletionTracker::test_backward_compat_with_todo_manager PASSED [ 34%]
tests/test_completion_tracker.py::TestCanFinalizeWithCompletionTracker::test_allows_when_all_done_with_evidence PASSED [ 34%]
tests/test_completion_tracker.py::TestCanFinalizeWithCompletionTracker::test_blocks_with_pending_item PASSED [ 34%]
tests/test_completion_tracker.py::TestDeepAgentConvergenceGateIntegration::test_plan_all_done_allows PASSED [ 34%]
tests/test_completion_tracker.py::TestDeepAgentConvergenceGateIntegration::test_plan_with_pending_steps_blocks PASSED [ 34%]
tests/test_completion_tracker.py::TestFailClosedRequiresPlan::test_fail_closed_no_tracker PASSED [ 34%]
tests/test_completion_tracker.py::TestFailClosedRequiresPlan::test_fail_closed_none_tracker PASSED [ 34%]
tests/test_completion_tracker.py::TestFailClosedRequiresPlan::test_fail_closed_with_broken_tracker PASSED [ 34%]
tests/test_completion_tracker.py::TestFailClosedRequiresPlan::test_allow_when_not_requires_plan PASSED [ 34%]
tests/test_completion_tracker.py::TestDeepAgentPlanCompletionTracker::test_all_done_when_cursor_at_end PASSED [ 35%]
tests/test_completion_tracker.py::TestDeepAgentPlanCompletionTracker::test_done_when_cursor_advanced PASSED [ 35%]
tests/test_completion_tracker.py::TestDeepAgentPlanCompletionTracker::test_all_pending_when_cursor_at_zero PASSED [ 35%]
tests/test_completion_tracker.py::TestDeepAgentPlanCompletionTracker::test_ids_are_sequential PASSED [ 35%]
tests/test_completion_tracker.py::TestDeepAgentPlanCompletionTracker::test_negative_cursor_clamped PASSED [ 35%]
tests/test_completion_tracker.py::TestDeepAgentPlanCompletionTracker::test_empty_plan PASSED [ 35%]
tests/test_completion_tracker.py::TestInfiniteLoopPrevention::test_blocked_finalization_increments_step PASSED [ 35%]
tests/test_completion_tracker.py::TestInfiniteLoopPrevention::test_max_self_correct_limits_retries PASSED [ 35%]
tests/test_completion_tracker.py::TestDoneValidationAgainstMutation::test_todo_manager_mark_done_requires_evidence PASSED [ 35%]
tests/test_completion_tracker.py::TestDoneValidationAgainstMutation::test_deep_agent_plan_cursor_cannot_fake_done PASSED [ 35%]
tests/test_completion_tracker.py::TestClassifyClaimAsWarningNotProof::test_classify_claim_returns_observed_for_direct_match PASSED [ 35%]
tests/test_completion_tracker.py::TestClassifyClaimAsWarningNotProof::test_classify_claim_returns_unverified_for_no_evidence PASSED [ 35%]
tests/test_completion_tracker.py::TestClassifyClaimAsWarningNotProof::test_classify_claim_returns_inferred_for_partial PASSED [ 35%]
tests/test_completion_tracker.py::TestClassifyClaimAsWarningNotProof::test_classify_claim_is_warning_not_gate PASSED [ 35%]
tests/test_snapshot.py::test_new_file_noop PASSED                        [ 35%]
tests/test_snapshot.py::test_undo_without_snapshot PASSED                [ 35%]
tests/test_snapshot.py::test_save_and_undo_roundtrip PASSED              [ 36%]
tests/test_phase5_permissions.py::test_no_rule_falls_back_to_ask PASSED  [ 36%]
tests/test_phase5_permissions.py::test_permissions_clear_resets_ruleset PASSED [ 36%]
tests/test_phase5_permissions.py::test_no_rule_falls_back_to_ask_via_tuple PASSED [ 36%]
tests/test_phase5_permissions.py::test_heuristics_block_first_even_with_allow_star PASSED [ 36%]
tests/test_phase5_permissions.py::test_allow_overrides_default_ask PASSED [ 36%]
tests/test_phase5_permissions.py::test_deny_overrides_allow PASSED       [ 36%]
tests/test_phase5_permissions.py::test_deny_blocks_without_allow PASSED  [ 36%]
tests/test_phase5_permissions.py::test_regex_match PASSED                [ 36%]
tests/test_phase5_permissions.py::test_allow_grants_safe_command PASSED  [ 36%]
tests/test_phase5_permissions.py::test_exact_match PASSED                [ 36%]
tests/test_phase5_permissions.py::test_glob_match PASSED                 [ 36%]
tests/test_phase5_permissions.py::test_runtime_state_carries_shell_permissions PASSED [ 36%]
tests/test_taste_engine.py::TestTasteEngine::test_default_profile_creation_and_caching PASSED [ 36%]
tests/test_taste_engine.py::TestTasteEngine::test_save_profile_and_summary_generation PASSED [ 36%]
tests/test_secure_tools.py::TestSecureWorkspaceReader::test_directory_blocked PASSED [ 36%]
tests/test_secure_tools.py::TestSecureWorkspaceReader::test_missing_file PASSED [ 37%]
tests/test_secure_tools.py::TestSecureWorkspaceReader::test_huge_file_blocked PASSED [ 37%]
tests/test_secure_tools.py::TestSecureWorkspaceReader::test_symlink_escape_blocked PASSED [ 37%]
tests/test_secure_tools.py::TestSecureWorkspaceReader::test_binary_file_blocked PASSED [ 37%]
tests/test_secure_tools.py::TestSecureWorkspaceReader::test_successful_read_sanitized PASSED [ 37%]
tests/test_secure_tools.py::TestSecureWorkspaceReader::test_read_with_path_keyword PASSED [ 37%]
tests/test_secure_tools.py::TestSecureWorkspaceReader::test_path_traversal_blocked PASSED [ 37%]
tests/test_secure_tools.py::TestSecureWorkspaceReader::test_read_with_kwargs PASSED [ 37%]
tests/test_secure_tools.py::TestSecureGitInspector::test_valid_status_execution PASSED [ 37%]
tests/test_secure_tools.py::TestSecureGitInspector::test_invalid_command_blocked PASSED [ 37%]
tests/test_secure_tools.py::TestSecureGitInspector::test_non_git_directory PASSED [ 37%]
tests/test_secure_tools.py::TestSecureGitInspector::test_inspect_workspace_safe PASSED [ 37%]
tests/test_secure_tools.py::TestSecureGitInspector::test_timeout_handling PASSED [ 37%]
tests/test_secure_tools.py::TestSecureGitInspector::test_inspect_workspace_unsafe_non_git PASSED [ 37%]
tests/test_secure_tools.py::TestSecureGitInspector::test_injected_flags_blocked PASSED [ 37%]
tests/test_secure_tools.py::TestSecureShellTool::test_forward_with_positional_list PASSED [ 38%]
tests/test_secure_tools.py::TestSecureShellTool::test_forward_with_keyword_list PASSED [ 38%]
tests/test_secure_tools.py::TestSecureShellTool::test_forward_with_dict_mapping PASSED [ 38%]
tests/test_secure_tools.py::TestSecureShellTool::test_forward_with_positional_string PASSED [ 38%]
tests/test_secure_tools.py::TestSecureSemanticMemoryTool::test_store_and_search_lesson PASSED [ 38%]
tests/test_secure_tools.py::TestSecureSemanticMemoryTool::test_invalid_action_blocked PASSED [ 38%]
tests/test_secure_tools.py::TestSecureTestRunner::test_invalid_target_blocked PASSED [ 38%]
tests/test_secure_tools.py::TestSecureTestRunner::test_blocked_arguments PASSED [ 38%]
tests/test_secure_tools.py::TestSecureTestRunner::test_timeout_handling PASSED [ 38%]
tests/test_secure_tools.py::TestSecureTestRunner::test_successful_execution PASSED [ 38%]
tests/test_r41_intent_evidence.py::TestPathNormalization::test_backslash_normalization PASSED [ 38%]
tests/test_r41_intent_evidence.py::TestPathNormalization::test_normal_basic PASSED [ 38%]
tests/test_r41_intent_evidence.py::TestPathNormalization::test_strip_dot_slash PASSED [ 38%]
tests/test_r41_intent_evidence.py::TestPathNormalization::test_strip_multiple_dot_slash PASSED [ 38%]
tests/test_r41_intent_evidence.py::TestPathNormalization::test_backslash_and_dot_slash PASSED [ 38%]
tests/test_r41_intent_evidence.py::TestPathNormalization::test_empty_string PASSED [ 38%]
tests/test_r41_intent_evidence.py::TestPathNormalization::test_rejects_absolute_path PASSED [ 39%]
tests/test_r41_intent_evidence.py::TestPathNormalization::test_rejects_traversal PASSED [ 39%]
tests/test_r41_intent_evidence.py::TestPathNormalization::test_does_not_use_path_resolve PASSED [ 39%]
tests/test_r41_intent_evidence.py::TestPathNormalization::test_rejects_deep_traversal PASSED [ 39%]
tests/test_r41_intent_evidence.py::TestEmitFinalPolicyPassing::test_emit_final_passes_policy_params PASSED [ 39%]
tests/test_r41_intent_evidence.py::TestVerifyFreshPolicyWiring::test_check_investigation_gates_accepts_params PASSED [ 39%]
tests/test_r41_intent_evidence.py::TestVerifyFreshPolicyWiring::test_verify_fresh_accepts_policy_params PASSED [ 39%]
tests/test_r41_intent_evidence.py::TestVerifyFreshPolicyWiring::test_verifier_verify_accepts_policy_params PASSED [ 39%]
tests/test_taste_manager.py::TestTasteManagerTool::test_add_and_remove_rule_actions PASSED [ 39%]
tests/test_taste_manager.py::TestTasteManagerTool::test_view_action PASSED [ 39%]
tests/test_taste_manager.py::TestTasteManagerTool::test_execute_returns_tool_result PASSED [ 39%]
tests/test_taste_manager.py::TestTasteManagerTool::test_invalid_actions_and_categories PASSED [ 39%]
tests/test_consent.py::test_empty_enter_denies PASSED                    [ 39%]
tests/test_consent.py::test_approval_records_evidence PASSED             [ 39%]
tests/test_consent.py::test_production_consent_path_passes_evidence_log PASSED [ 39%]
tests/test_consent.py::test_eof_denies PASSED                            [ 40%]
tests/test_consent.py::test_denial_records_evidence PASSED               [ 40%]
tests/test_consent.py::test_evidence_record_contains_rich_metadata PASSED [ 40%]
tests/test_consent.py::test_oserror_denies PASSED                        [ 40%]
tests/test_consent.py::test_old_approval_reuse_blocked PASSED            [ 40%]
tests/test_consent.py::test_n_denies PASSED                              [ 40%]
tests/test_consent.py::test_y_approves PASSED                            [ 40%]
tests/test_consent.py::test_yes_approves PASSED                          [ 40%]
tests/test_consent.py::test_failed_closed_records_evidence PASSED        [ 40%]
tests/test_consent.py::test_uppercase_yes_is_handled_explicitly PASSED   [ 40%]
tests/test_consent.py::test_whitespace_yes_is_handled_explicitly PASSED  [ 40%]
tests/test_consent.py::test_keyboard_interrupt_denies PASSED             [ 40%]
tests/test_phase4_streaming.py::test_router_generate_stream_fallback_on_failure PASSED [ 40%]
tests/test_phase4_streaming.py::test_llm_started_then_tokens_then_completed PASSED [ 40%]
tests/test_phase4_streaming.py::test_router_generate_stream_exists PASSED [ 40%]
tests/test_phase4_streaming.py::test_renderer_stream_chunk_does_not_raise PASSED [ 40%]
tests/test_phase4_streaming.py::test_llm_token_event_captured PASSED     [ 41%]
tests/test_phase4_streaming.py::test_local_client_has_generate_stream PASSED [ 41%]
tests/test_phase4_streaming.py::test_stream_method_signature PASSED      [ 41%]
tests/test_phase4_streaming.py::test_local_config_has_connect_timeout PASSED [ 41%]
tests/test_phase4_streaming.py::test_stream_accumulates_to_full_text PASSED [ 41%]
tests/test_sanitize_helpers.py::TestStripIllegalControlChars::test_drops_control_category PASSED [ 41%]
tests/test_sanitize_helpers.py::TestStripIllegalControlChars::test_preserves_newline_when_requested PASSED [ 41%]
tests/test_sanitize_helpers.py::TestStripIllegalControlChars::test_preserves_printable PASSED [ 41%]
tests/test_sanitize_helpers.py::TestStripIllegalControlChars::test_keeps_color_esc PASSED [ 41%]
tests/test_sanitize_helpers.py::TestStripIllegalControlChars::test_drops_newline_when_not_requested PASSED [ 41%]
tests/test_sanitize_helpers.py::TestAssessTokenMatch::test_pass_on_strong_overlap PASSED [ 41%]
tests/test_sanitize_helpers.py::TestAssessTokenMatch::test_fail_on_no_match PASSED [ 41%]
tests/test_sanitize_helpers.py::TestAssessTokenMatch::test_technical_anchor_forces_pass PASSED [ 41%]
tests/test_safe_binaries_drift.py::TestSafeBinariesDriftAlarm::test_safe_binaries_identical_between_security_and_constants PASSED [ 41%]
tests/test_phase3_runtime_state.py::TestPhaseTwoNoRegression::test_wal_journal_api_survives PASSED [ 41%]
tests/test_phase3_runtime_state.py::TestPhaseTwoNoRegression::test_accept_edit_api_survives PASSED [ 41%]
tests/test_phase3_runtime_state.py::TestPersistenceAdapterDistinct::test_shared_state_manager_not_runtime_state PASSED [ 42%]
tests/test_phase3_runtime_state.py::TestNoModuleLevelFallbackState::test_no_runtime_state_module_level PASSED [ 42%]
tests/test_phase3_runtime_state.py::TestDuplicateFinalizationEmitsOneOutcome::test_turn_finalizer_module_exists PASSED [ 42%]
tests/test_phase3_runtime_state.py::TestCancellationEmitsCancelled::test_turn_outcome_has_cancelled PASSED [ 42%]
tests/test_phase3_runtime_state.py::TestIncompleteWorkEmitsPartialBlocked::test_turn_outcome_has_partial_and_blocked PASSED [ 42%]
tests/test_phase3_runtime_state.py::TestConnectionRefusedEmitsOutcome::test_engine_has_turn_finalizer PASSED [ 42%]
tests/test_phase3_runtime_state.py::TestSuccessfulTurnEmitsCompleted::test_turn_outcome_has_completed PASSED [ 42%]
tests/test_phase3_runtime_state.py::TestSuccessfulTurnEmitsCompleted::test_turn_outcome_type_exists PASSED [ 42%]
tests/test_phase3_runtime_state.py::TestExceptionPathEmitsFailed::test_exception_in_run_sets_outcome PASSED [ 42%]
tests/test_phase3_runtime_state.py::TestOneRuntimeStatePerSession::test_double_construction_proves_split_brain PASSED [ 42%]
tests/test_phase3_runtime_state.py::TestPromptRequiresTerminalOutcome::test_main_has_outcome_before_prompt PASSED [ 42%]
tests/test_phase3_runtime_state.py::TestSeparateSessionsIsolated::test_different_session_ids_different_objects PASSED [ 42%]
tests/test_phase3_runtime_state.py::TestFinallyFallbackConditional::test_finally_does_not_overwrite_success PASSED [ 42%]
tests/test_phase3_runtime_state.py::TestFinallyFallbackConditional::test_turn_finalizer_once_semantics PASSED [ 42%]
tests/test_phase3_runtime_state.py::TestToolFailureEmitsFailure::test_engine_run_does_not_return_raw_str PASSED [ 42%]
tests/test_phase3_runtime_state.py::TestRuntimeStateIdentityAcrossConsumers::test_loop_and_dispatcher_share_state PASSED [ 43%]
tests/test_phase3_runtime_state.py::TestRestoredStateNotOverwritten::test_messages_set_on_constructed_state PASSED [ 43%]
tests/test_phase3_runtime_state.py::TestEmptyLLMResponseTyped::test_llm_invocation_result_exists PASSED [ 43%]
tests/test_phase3_runtime_state.py::TestBothEnginesSameContract::test_both_engines_have_finalizer PASSED [ 43%]
tests/test_phase3_runtime_state.py::TestRetryExhaustionEmitsOutcome::test_retry_exhaustion_does_not_silently_return PASSED [ 43%]
tests/test_phase3_runtime_state.py::TestShellPermissionsNotWeakened::test_permission_engine_works_independently PASSED [ 43%]
tests/test_phase_ui_dedupe.py::test_main_on_llm_token_streams_conversational_prose PASSED [ 43%]
tests/test_phase_ui_dedupe.py::test_tool_name_contract_resolves_canonical_key PASSED [ 43%]
tests/test_phase_ui_dedupe.py::test_tool_result_not_printed_twice PASSED [ 43%]
tests/test_phase_ui_dedupe.py::test_main_on_llm_token_suppresses_raw_final_answer PASSED [ 43%]
tests/test_defect_repairs.py::TestD10StreamIsGenerator::test_stream_yields_delta_dicts PASSED [ 43%]
tests/test_defect_repairs.py::TestD10StreamIsGenerator::test_stream_is_generator_function PASSED [ 43%]
tests/test_defect_repairs.py::TestD08DispatchResolution::test_dispatch_orchestrator_comes_from_mixin PASSED [ 43%]
tests/test_defect_repairs.py::TestD04D05PipesAndBackground::test_failed_pipeline_not_reexecuted_as_simple PASSED [ 43%]
tests/test_defect_repairs.py::TestD04D05PipesAndBackground::test_blocked_pipeline_command_fails_closed PASSED [ 43%]
tests/test_defect_repairs.py::TestD04D05PipesAndBackground::test_pipe_executes_pipeline_semantics PASSED [ 43%]
tests/test_defect_repairs.py::TestD04D05PipesAndBackground::test_multi_segment_pipeline PASSED [ 44%]
tests/test_defect_repairs.py::TestD04D05PipesAndBackground::test_background_launch PASSED [ 44%]
tests/test_defect_repairs.py::TestD02ReadMany::test_read_many_returns_combined_content PASSED [ 44%]
tests/test_defect_repairs.py::TestD11ExecutorJail::test_traversal_key_rejected_and_nothing_written PASSED [ 44%]
tests/test_defect_repairs.py::TestD07GoalGate::test_goal_verifier_tolerates_none_success_criteria PASSED [ 44%]
tests/test_defect_repairs.py::TestD07GoalGate::test_goal_branch_met_via_real_evaluator PASSED [ 44%]
tests/test_defect_repairs.py::TestD09GuardImports::test_dag_terminal_node_executes PASSED [ 44%]
tests/test_defect_repairs.py::TestD09GuardImports::test_uv_manager_reaches_guard PASSED [ 44%]
tests/test_defect_repairs.py::TestD01EditRejectionNoCrash::test_rejection_returns_clean_result_not_typeerror PASSED [ 44%]
tests/test_defect_repairs.py::TestD03TaskToolSuccess::test_execute_success_path PASSED [ 44%]
tests/test_defect_repairs.py::TestD12AcceptEditsGateOpens::test_set_mode_true_opens_gate PASSED [ 44%]
tests/test_tool_result_widget.py::test_render_differs_when_selected PASSED [ 44%]
tests/test_tool_result_widget.py::test_badge_for_file_system_write PASSED [ 44%]
tests/test_tool_result_widget.py::test_no_content_output PASSED          [ 44%]
tests/test_tool_result_widget.py::test_long_output_renders_collapsed_by_default PASSED [ 44%]
tests/test_tool_result_widget.py::test_preview_fewer_than_3_words PASSED [ 44%]
tests/test_tool_result_widget.py::test_line_count_all_empty_lines PASSED [ 45%]
tests/test_tool_result_widget.py::test_toggle_back_to_collapsed PASSED   [ 45%]
tests/test_tool_result_widget.py::test_widget_owns_state PASSED          [ 45%]
tests/test_tool_result_widget.py::test_short_output_renders_expanded PASSED [ 45%]
tests/test_tool_result_widget.py::test_selected_border_uses_selected_color_not_hardcoded PASSED [ 45%]
tests/test_tool_result_widget.py::test_select_deselect_chaining PASSED   [ 45%]
tests/test_tool_result_widget.py::test_default_selected_is_false PASSED  [ 45%]
tests/test_tool_result_widget.py::test_badge_uses_action_colors PASSED   [ 45%]
tests/test_tool_result_widget.py::test_success_shows_green_check PASSED  [ 45%]
tests/test_tool_result_widget.py::test_preview_exact_3_words_no_ellipsis PASSED [ 45%]
tests/test_tool_result_widget.py::test_preview_empty_output PASSED       [ 45%]
tests/test_tool_result_widget.py::test_render_returns_panel PASSED       [ 45%]
tests/test_tool_result_widget.py::test_collapsed_shows_preview PASSED    [ 45%]
tests/test_tool_result_widget.py::test_long_output_truncated_in_expanded PASSED [ 45%]
tests/test_tool_result_widget.py::test_deselect_sets_selected_false PASSED [ 45%]
tests/test_tool_result_widget.py::test_collapsed_shows_line_count PASSED [ 46%]
tests/test_tool_result_widget.py::test_select_sets_selected_true PASSED  [ 46%]
tests/test_tool_result_widget.py::test_preview_single_word PASSED        [ 46%]
tests/test_tool_result_widget.py::test_badge_for_file_system_read PASSED [ 46%]
tests/test_tool_result_widget.py::test_line_count_empty_output PASSED    [ 46%]
tests/test_tool_result_widget.py::test_preview_first_non_empty_line_max_3_words PASSED [ 46%]
tests/test_tool_result_widget.py::test_empty_output_shows_clean PASSED   [ 46%]
tests/test_tool_result_widget.py::test_badge_for_shell PASSED            [ 46%]
tests/test_tool_result_widget.py::test_line_count_counts_non_empty_lines PASSED [ 46%]
tests/test_tool_result_widget.py::test_unselected_uses_default_border PASSED [ 46%]
tests/test_tool_result_widget.py::test_preview_skips_leading_empty_lines PASSED [ 46%]
tests/test_tool_result_widget.py::test_toggle_switches_to_expanded PASSED [ 46%]
tests/test_tool_result_widget.py::test_failure_shows_red_x PASSED        [ 46%]
tests/test_tool_result_widget.py::test_toggle_short_output_still_expanded PASSED [ 46%]
tests/test_phase2_session_persistence.py::test_evidence_record_to_dict_from_dict PASSED [ 46%]
tests/test_phase2_session_persistence.py::test_evidence_log_empty_restore PASSED [ 46%]
tests/test_phase2_session_persistence.py::test_session_manager_v1_backward_compat PASSED [ 47%]
tests/test_phase2_session_persistence.py::test_todo_serialization_roundtrip PASSED [ 47%]
tests/test_phase2_session_persistence.py::test_todo_empty_restore PASSED [ 47%]
tests/test_phase2_session_persistence.py::test_session_manager_v2_save_and_load PASSED [ 47%]
tests/test_phase2_session_persistence.py::test_evidence_log_serialization_roundtrip PASSED [ 47%]
tests/test_phase2_session_persistence.py::test_evidence_log_counter_continuity PASSED [ 47%]
tests/test_phase2_session_persistence.py::test_full_session_save_and_restore PASSED [ 47%]
tests/test_phase2_session_persistence.py::test_systematic_planning_goal_persistence PASSED [ 47%]
tests/test_ui_contracts.py::TestUiContracts::test_bridge_protocol_and_registration PASSED [ 47%]
tests/test_ui_contracts.py::TestUiContracts::test_stateless_widgets_and_sanitization PASSED [ 47%]
tests/test_ui_contracts.py::TestUiContracts::test_second_prompt_rejected_while_busy PASSED [ 47%]
tests/test_phase_ui3.py::test_filesystem_diff_and_metadata PASSED        [ 47%]
tests/test_phase_ui3.py::test_map_tool_to_badge_edit_actions PASSED      [ 47%]
tests/test_phase_ui3.py::test_select_status_verb_stages PASSED           [ 47%]
tests/test_phase_ui3.py::test_render_diff_formatting PASSED              [ 47%]
tests/test_phase22c_path_lock_registry.py::TestCanonicalAliasesShareLock::test_normpath_aliases_share_lock PASSED [ 47%]
tests/test_phase22c_path_lock_registry.py::TestCanonicalAliasesShareLock::test_aliases_share_lock PASSED [ 48%]
tests/test_phase22c_path_lock_registry.py::TestHandoffNoDuplicateLock::test_handoff_race_all_see_same_entry PASSED [ 48%]
tests/test_phase22c_path_lock_registry.py::TestHandoffNoDuplicateLock::test_handoff_preserves_single_entry PASSED [ 48%]
tests/test_phase22c_path_lock_registry.py::TestOwnerExceptionDoesNotStrandWaiters::test_owner_crash_still_releases_lock PASSED [ 48%]
tests/test_phase22c_path_lock_registry.py::TestInterruptedWaiterReleasesReservation::test_interrupted_waiter_registry_empty PASSED [ 48%]
tests/test_phase22c_path_lock_registry.py::TestInterruptedWaiterReleasesReservation::test_interrupted_waiter_does_not_leak PASSED [ 48%]
tests/test_phase22c_path_lock_registry.py::TestOneThousandPathsNoRetainedEntries::test_thousand_paths_leave_no_entries PASSED [ 48%]
tests/test_phase22c_path_lock_registry.py::TestEntryRemovedAfterFinalRelease::test_entry_removed_after_single_acquire_release PASSED [ 48%]
tests/test_phase22c_path_lock_registry.py::TestEntryRemovedAfterFinalRelease::test_registry_empty_after_quiescence PASSED [ 48%]
tests/test_phase22c_path_lock_registry.py::TestWaiterPreventsPrematureRemoval::test_reference_count_with_waiter PASSED [ 48%]
tests/test_phase22c_path_lock_registry.py::TestWaiterPreventsPrematureRemoval::test_waiter_holds_reference PASSED [ 48%]
tests/test_phase22c_path_lock_registry.py::TestStressWavesNoGrowth::test_multiple_waves_no_growth PASSED [ 48%]
tests/test_phase22c_path_lock_registry.py::TestDifferentPathsDifferentEntries::test_different_paths_different_entries PASSED [ 48%]
tests/test_phase22c_path_lock_registry.py::TestNoDeadlockUnderFailure::test_concurrent_exceptions_no_deadlock PASSED [ 48%]
tests/test_phase22c_path_lock_registry.py::TestSamePathNoOverlap::test_concurrent_same_path_no_overlap PASSED [ 48%]
tests/test_phase22c_path_lock_registry.py::TestSnapshotDiagnosticAPI::test_snapshot_concurrent_safety PASSED [ 49%]
[...]
tests/test_r4_enforcement.py::TestRootListingContract::test_requires_root_listing_set_for_architecture PASSED [ 89%]
tests/test_r4_enforcement.py::TestRootListingContract::test_requires_root_listing_false_for_single_file PASSED [ 89%]
tests/test_r4_enforcement.py::TestRootListingContract::test_can_finalize_accepts_with_listing PASSED [ 89%]
tests/test_r4_enforcement.py::TestRootListingContract::test_requires_root_listing_set_for_repo_investigation PASSED [ 89%]
tests/test_r4_enforcement.py::TestRootListingContract::test_can_finalize_rejects_missing_root_listing PASSED [ 89%]
tests/test_r4_enforcement.py::TestRootListingContract::test_requires_root_listing_false_for_chat PASSED [ 89%]
tests/test_r4_enforcement.py::TestSemanticTargetVerification::test_target_basic PASSED [ 89%]
tests/test_r4_enforcement.py::TestSemanticTargetVerification::test_target_hyphenated PASSED [ 89%]
tests/test_r4_enforcement.py::TestSemanticTargetVerification::test_target_relative_set_via_run PASSED [ 89%]
tests/test_r4_enforcement.py::TestSemanticTargetVerification::test_target_nested_path PASSED [ 89%]
tests/test_r4_enforcement.py::TestSemanticTargetVerification::test_target_relative_path PASSED [ 89%]
tests/test_r4_enforcement.py::TestSemanticTargetVerification::test_target_set_via_run PASSED [ 89%]
tests/test_r4_enforcement.py::TestSemanticTargetVerification::test_target_quoted_path_documentation PASSED [ 89%]
tests/test_r4_enforcement.py::TestSemanticTargetVerification::test_target_traversal_attempt PASSED [ 89%]
tests/test_r4_enforcement.py::TestNativeLiveSmoke::test_native_s2_full_success PASSED [ 89%]
tests/test_r4_enforcement.py::TestNativeLiveSmoke::test_native_s1_success PASSED [ 90%]
tests/test_r4_enforcement.py::TestNativeLiveSmoke::test_native_s2_incomplete_rejected PASSED [ 90%]
tests/test_r4_enforcement.py::TestS1RegexNegativeTests::test_s1_rejected_when_repo_analysis PASSED [ 90%]
tests/test_r4_enforcement.py::TestS1RegexNegativeTests::test_s1_rejected_when_codebase_analysis PASSED [ 90%]
tests/test_r4_enforcement.py::TestS1RegexNegativeTests::test_s1_still_matches_targeted_read PASSED [ 90%]
tests/test_r4_enforcement.py::TestS1RegexNegativeTests::test_s1_rejected_when_architecture_scope PASSED [ 90%]
tests/test_r4_enforcement.py::TestS1RegexNegativeTests::test_s1_still_matches_simple_check PASSED [ 90%]
tests/test_r4_enforcement.py::TestS1RegexNegativeTests::test_s1_rejected_when_analyze_all_files PASSED [ 90%]
tests/test_r4_enforcement.py::TestS1RegexNegativeTests::test_s1_rejected_when_repository_scope PASSED [ 90%]
tests/test_r4_enforcement.py::TestS1RegexNegativeTests::test_s1_rejected_when_codebase_scope PASSED [ 90%]
tests/test_streaming_leak_detector.py::TestStreamingLeakDetector::test_catches_system_instructions PASSED [ 90%]
tests/test_streaming_leak_detector.py::TestStreamingLeakDetector::test_safe_content_not_flagged PASSED [ 90%]
tests/test_streaming_leak_detector.py::TestStreamingLeakDetector::test_leak_in_multi_token_stream PASSED [ 90%]
tests/test_streaming_leak_detector.py::TestStreamingLeakDetector::test_leak_across_token_boundaries PASSED [ 90%]
tests/test_streaming_leak_detector.py::TestStreamingLeakDetector::test_all_leak_markers_caught PASSED [ 90%]
tests/test_streaming_leak_detector.py::TestStreamingLeakDetector::test_catches_task_classification PASSED [ 90%]
tests/test_streaming_leak_detector.py::TestStreamingLeakDetector::test_catches_todo_discipline PASSED [ 91%]
tests/test_mode_cycle_preservation.py::TestSetModePreservesPendingEdits::test_set_mode_false_preserves_pending_edits PASSED [ 91%]
tests/test_mode_cycle_preservation.py::TestSetModePreservesPendingEdits::test_set_mode_true_preserves_pending_edits PASSED [ 91%]
tests/test_mode_cycle_preservation.py::TestSetModePreservesPendingEdits::test_set_mode_does_not_clear_queue PASSED [ 91%]
tests/test_mode_cycle_preservation.py::TestModeCyclePreservesPendingEdits::test_mode_cycle_preserves_multiple_edits_across_cycles PASSED [ 91%]
tests/test_mode_cycle_preservation.py::TestModeCyclePreservesPendingEdits::test_false_to_true_to_false_preserves_pending PASSED [ 91%]
tests/test_mode_cycle_preservation.py::TestDrainPendingPreservesUntilDrained::test_drain_after_mode_cycle PASSED [ 91%]
tests/test_mode_cycle_preservation.py::TestDrainPendingPreservesUntilDrained::test_drain_returns_and_clears PASSED [ 91%]
tests/test_mode_cycle_preservation.py::TestResetSessionClearsEverything::test_reset_session_on_clear_command PASSED [ 91%]
tests/test_mode_cycle_preservation.py::TestResetSessionClearsEverything::test_reset_session_clears_queue_and_flag PASSED [ 91%]
tests/test_code_intelligence.py::TestCodeIntelligenceTool::test_invalid_action PASSED [ 91%]
tests/test_code_intelligence.py::TestCodeIntelligenceTool::test_get_definition_class_method PASSED [ 91%]
tests/test_code_intelligence.py::TestCodeIntelligenceTool::test_get_definition_across_nested_dir PASSED [ 91%]
tests/test_code_intelligence.py::TestCodeIntelligenceTool::test_list_symbols PASSED [ 91%]
tests/test_code_intelligence.py::TestCodeIntelligenceTool::test_get_definition_missing_symbol PASSED [ 91%]
tests/test_todo_tool.py::TestTodoWriteTool::test_update_action_in_progress PASSED [ 92%]
tests/test_todo_tool.py::TestTodoWriteTool::test_plan_action_missing_items PASSED [ 92%]
tests/test_todo_tool.py::TestTodoWriteTool::test_update_action_done_success PASSED [ 92%]
tests/test_todo_tool.py::TestTodoWriteTool::test_plan_action_success PASSED [ 92%]
tests/test_todo_tool.py::TestTodoWriteTool::test_update_action_done_missing_note PASSED [ 92%]
tests/test_phase21_evidence_restore.py::test_evidence_empty_restore PASSED [ 92%]
tests/test_phase21_evidence_restore.py::test_evidence_log_counter_continues_after_restore PASSED [ 92%]
tests/test_phase21_evidence_restore.py::test_evidence_log_shared_across_turns_in_main PASSED [ 92%]
tests/test_phase21_evidence_restore.py::test_evidence_counter_continuity_across_processes PASSED [ 92%]
tests/test_phase21_evidence_restore.py::test_evidence_truncated_tail_rejected PASSED [ 92%]
tests/test_phase21_evidence_restore.py::test_evidence_no_duplicate_terminal_across_restart PASSED [ 92%]
tests/test_phase21_evidence_restore.py::test_evidence_record_default_success_on_zero_exit PASSED [ 92%]
tests/test_phase21_evidence_restore.py::test_evidence_record_success_forced_false_on_nonzero_exit PASSED [ 92%]
tests/test_phase21_evidence_restore.py::test_evidence_survives_fresh_process PASSED [ 92%]
tests/test_phase21_evidence_restore.py::test_app_context_holds_evidence_log PASSED [ 92%]
tests/test_phase21_evidence_restore.py::test_evidence_corrupted_jsonl_rejected PASSED [ 92%]
tests/test_phase21_evidence_restore.py::test_tool_required_error_strips_then_saves PASSED [ 93%]
tests/test_phase21_evidence_restore.py::test_evidence_record_success_passthrough_on_zero_exit PASSED [ 93%]
tests/test_phase21_evidence_restore.py::test_session_save_and_restore_evidence_continuity PASSED [ 93%]
tests/test_phase21_evidence_restore.py::test_execution_loop_accepts_injected_evidence_log PASSED [ 93%]
tests/test_phase22_atomic_failure_safety.py::TestAtomicFailureSafetyPhase2_2A::test_parent_fsync_failure_reports_applied_not_durable PASSED [ 93%]
tests/test_phase22_atomic_failure_safety.py::TestAtomicFailureSafetyPhase2_2A::test_temp_cleanup_failure_is_reported PASSED [ 93%]
tests/test_phase22_atomic_failure_safety.py::TestAtomicFailureSafetyPhase2_2A::test_snapshot_creation_failure_prevents_apply PASSED [ 93%]
tests/test_phase22_atomic_failure_safety.py::TestAtomicFailureSafetyPhase2_2A::test_short_write_retries_until_complete PASSED [ 93%]
tests/test_phase22_atomic_failure_safety.py::TestAtomicFailureSafetyPhase2_2A::test_replace_failure_preserves_original_and_removes_temp PASSED [ 93%]
tests/test_phase22_atomic_failure_safety.py::TestAtomicFailureSafetyPhase2_2A::test_zero_progress_write_fails_safely PASSED [ 93%]
tests/test_phase22_atomic_failure_safety.py::TestAtomicFailureSafetyPhase2_2A::test_existing_modes_are_preserved 
tests/test_phase22_atomic_failure_safety.py::TestAtomicFailureSafetyPhase2_2A::test_existing_modes_are_preserved PASSED [ 93%]
tests/test_phase22_atomic_failure_safety.py::TestAtomicWriteConcurrencyIsolation::test_successful_operation_has_no_stale_cleanup_error PASSED [ 93%]
tests/test_phase22_atomic_failure_safety.py::TestAtomicWriteConcurrencyIsolation::test_cleanup_safe_message_hides_absolute_path PASSED [ 93%]
tests/test_phase22_atomic_failure_safety.py::TestAtomicWriteConcurrencyIsolation::test_cleanup_failure_requires_reconciliation PASSED [ 93%]
tests/test_phase22_atomic_failure_safety.py::TestAtomicWriteConcurrencyIsolation::test_cleanup_error_does_not_leak_to_next_transaction PASSED [ 93%]
tests/test_phase22_atomic_failure_safety.py::TestAtomicWriteConcurrencyIsolation::test_cleanup_error_belongs_to_originating_operation PASSED [ 93%]
tests/test_phase22_atomic_failure_safety.py::TestAtomicWriteConcurrencyIsolation::test_concurrent_cleanup_failures_remain_separate PASSED [ 94%]
tests/test_gateway.py::TestInputGateway::test_unknown_provider_fallback PASSED [ 94%]
tests/test_gateway.py::TestInputGateway::test_deprecated_model_migration_and_default_provider PASSED [ 94%]
tests/test_gateway.py::TestInputGateway::test_parse_model_string_with_colon_and_alias PASSED [ 94%]
tests/test_model_registry.py::TestModelRegistryAndBadges::test_visible_models_filter PASSED [ 94%]
tests/test_model_registry.py::TestModelRegistryAndBadges::test_get_model_short_name PASSED [ 94%]
tests/test_model_registry.py::TestModelRegistryAndBadges::test_format_model_selector_label PASSED [ 94%]
tests/test_model_registry.py::TestModelRegistryAndBadges::test_badge_and_hidden_decoupling PASSED [ 94%]
tests/test_phase22_journal_core.py::TestCanonicalJson::test_canonical_json_compact PASSED [ 94%]
tests/test_phase22_journal_core.py::TestCanonicalJson::test_canonical_json_rejects_infinity PASSED [ 94%]
tests/test_phase22_journal_core.py::TestCanonicalJson::test_canonical_json_deterministic PASSED [ 94%]
tests/test_phase22_journal_core.py::TestCanonicalJson::test_canonical_json_rejects_nan PASSED [ 94%]
tests/test_phase22_journal_core.py::TestReconstruction::test_duplicate_record_id PASSED [ 94%]
tests/test_phase22_journal_core.py::TestReconstruction::test_pending_review_triggers_requires_review PASSED [ 94%]
tests/test_phase22_journal_core.py::TestReconstruction::test_committed_without_applied PASSED [ 94%]
tests/test_phase22_journal_core.py::TestReconstruction::test_sequence_regression PASSED [ 95%]
tests/test_phase22_journal_core.py::TestReconstruction::test_applied_without_prepared PASSED [ 95%]
tests/test_phase22_journal_core.py::TestReconstruction::test_valid_sequence_no_diagnostics PASSED [ 95%]
tests/test_phase22_journal_core.py::TestReconstruction::test_foreign_workspace PASSED [ 95%]
tests/test_phase22_journal_core.py::TestReconstruction::test_reconstruction_is_pure_no_io PASSED [ 95%]
tests/test_phase22_journal_core.py::TestReconstruction::test_conflicting_duplicate_sequence PASSED [ 95%]
tests/test_phase22_journal_core.py::TestReconstruction::test_unsupported_event_type PASSED [ 95%]
tests/test_phase22_journal_core.py::TestReconstruction::test_unsupported_schema PASSED [ 95%]
tests/test_phase22_journal_core.py::TestReconstruction::test_operation_identity_conflict_edit_ids PASSED [ 95%]
tests/test_phase22_journal_core.py::TestReconstruction::test_resolved_without_committed PASSED [ 95%]
tests/test_phase22_journal_core.py::TestPosixPathSerializationBoundary::test_make_wal_record_rejects_absolute_path PASSED [ 95%]
tests/test_phase22_journal_core.py::TestPosixPathSerializationBoundary::test_compute_digest_accepts_path PASSED [ 95%]
tests/test_phase22_journal_core.py::TestPosixPathSerializationBoundary::test_canonical_json_default_str_converts_path PASSED [ 95%]
tests/test_phase22_journal_core.py::TestPosixPathSerializationBoundary::test_serialize_wal_record_rejects_invalid_values PASSED [ 95%]
tests/test_phase22_journal_core.py::TestPosixPathSerializationBoundary::test_serialize_wal_record_with_pathlike_path_succeeds PASSED [ 95%]
tests/test_phase22_journal_core.py::TestPosixPathSerializationBoundary::test_make_wal_record_normalizes_pathlike_path PASSED [ 95%]
tests/test_phase22_journal_core.py::TestPosixPathSerializationBoundary::test_canonical_json_still_rejects_nan PASSED [ 96%]
tests/test_phase22_journal_core.py::TestPosixPathSerializationBoundary::test_compute_digest_accepts_str PASSED [ 96%]
tests/test_phase22_journal_core.py::TestPosixPathSerializationBoundary::test_make_wal_record_accepts_str_path PASSED [ 96%]
tests/test_phase22_journal_core.py::TestCorruptionHandling::test_invalid_utf8_reported PASSED [ 96%]
tests/test_phase22_journal_core.py::TestCorruptionHandling::test_valid_records_before_corruption_survive PASSED [ 96%]
tests/test_phase22_journal_core.py::TestCorruptionHandling::test_truncated_tail_detected PASSED [ 96%]
tests/test_phase22_journal_core.py::TestCorruptionHandling::test_checksum_mismatch_reported PASSED [ 96%]
tests/test_phase22_journal_core.py::TestEnospc::test_enospc_before_side_effect PASSED [ 96%]
tests/test_phase22_journal_core.py::TestEnospc::test_enospc_after_side_effect PASSED [ 96%]
tests/test_phase22_journal_core.py::TestJournalFailureSemantics::test_persist_reconciliation_no_swallow PASSED [ 96%]
tests/test_phase22_journal_core.py::TestCrossProcessSerialization::test_append_waits_for_cross_process_compaction PASSED [ 96%]
tests/test_phase22_journal_core.py::TestCrossProcessSerialization::test_cross_process_writers_are_serialized PASSED [ 96%]
tests/test_phase22_journal_core.py::TestThreadSafety::test_thread_writes_do_not_interleave PASSED [ 96%]
tests/test_phase22_journal_core.py::TestRecoveryReport::test_corruption_flag PASSED [ 96%]
tests/test_phase22_journal_core.py::TestRecoveryReport::test_defaults PASSED [ 96%]
tests/test_phase22_journal_core.py::TestWalLifecycle::test_reject_edit_writes_wal PASSED [ 96%]
tests/test_phase22_journal_core.py::TestWalLifecycle::test_accept_edit_prepared_before_side_effect PASSED [ 97%]
tests/test_phase22_journal_core.py::TestWalLifecycle::test_accept_edit_writes_prepared PASSED [ 97%]
tests/test_phase22_journal_core.py::TestJournalPathValidation::test_validate_journal_path_empty PASSED [ 97%]
tests/test_phase22_journal_core.py::TestJournalPathValidation::test_journal_file_mode_0600 PASSED [ 97%]
tests/test_phase22_journal_core.py::TestJournalPathValidation::test_validate_journal_path_rejects_symlink PASSED [ 97%]
tests/test_phase22_journal_core.py::TestWalAtomicWriteIntegration::test_resolved_not_recorded_for_unresolved PASSED [ 97%]
tests/test_phase22_journal_core.py::TestWalAtomicWriteIntegration::test_applied_after_atomic_write_success PASSED [ 97%]
tests/test_phase22_journal_core.py::TestWalAtomicWriteIntegration::test_no_duplicate_events_in_successful_accept PASSED [ 97%]
tests/test_phase22_journal_core.py::TestWalAtomicWriteIntegration::test_prepared_before_atomic_write PASSED [ 97%]
tests/test_phase22_journal_core.py::TestWalAtomicWriteIntegration::test_journal_failure_does_not_erase_primary_failure PASSED [ 97%]
tests/test_phase22_journal_core.py::TestNoBlindReplay::test_loader_preserves_unresolved_records PASSED [ 97%]
tests/test_phase22_journal_core.py::TestNoBlindReplay::test_loader_does_not_call_accept_or_reject PASSED [ 97%]
tests/test_phase22_journal_core.py::TestNoBlindReplay::test_loader_returns_report_not_side_effects PASSED [ 97%]
tests/test_phase22_journal_core.py::TestFixtureGuardContract::test_corruption_builder_produces_intentional_corruption PASSED [ 97%]
tests/test_phase22_journal_core.py::TestFixtureGuardContract::test_dataclasses_replace_requires_checksum_update PASSED [ 97%]
tests/test_phase22_journal_core.py::TestFixtureGuardContract::test_resolved_unsafe_fixture_remains_requires_review PASSED [ 98%]
tests/test_phase22_journal_core.py::TestFixtureGuardContract::test_modify_frozen_field_raises_error PASSED [ 98%]
tests/test_phase22_journal_core.py::TestFixtureGuardContract::test_resolved_safe_fixture_has_durability_evidence PASSED [ 98%]
tests/test_phase22_journal_core.py::TestFixtureGuardContract::test_valid_builder_produces_correct_checksum PASSED [ 98%]
tests/test_phase22_journal_core.py::TestWalRecordSerialization::test_wal_record_has_schema_version_1 PASSED [ 98%]
tests/test_phase22_journal_core.py::TestWalRecordSerialization::test_wal_record_has_unique_record_id PASSED [ 98%]
tests/test_phase22_journal_core.py::TestWalRecordSerialization::test_serialize_wal_record_verifies_checksum PASSED [ 98%]
tests/test_phase22_journal_core.py::TestWalRecordSerialization::test_serialize_wal_record_contains_checksum PASSED [ 98%]
tests/test_phase22_journal_core.py::TestFreshProcessRestart::test_sigkill_preserves_journal PASSED [ 98%]
tests/test_phase22_journal_core.py::TestFreshProcessRestart::test_prepared_survives_subprocess_restart PASSED [ 98%]
tests/test_phase22_journal_core.py::TestCompaction::test_resolved_operations_pruned PASSED [ 98%]
tests/test_phase22_journal_core.py::TestCompaction::test_unresolved_operations_never_pruned PASSED [ 98%]
tests/test_phase22_journal_core.py::TestCompaction::test_compaction_atomic_replace PASSED [ 98%]
tests/test_phase22_journal_core.py::TestCompaction::test_restart_after_compaction PASSED [ 98%]
tests/test_phase22_journal_core.py::TestCrashPointModel::test_applied_not_committed_recovery PASSED [ 98%]
tests/test_phase22_journal_core.py::TestCrashPointModel::test_prepared_state_classification PASSED [ 98%]
tests/test_phase22_journal_core.py::TestReconstructionOutcomes::test_prepared_pending_review PASSED [ 99%]
tests/test_phase22_journal_core.py::TestReconstructionOutcomes::test_applied_not_committed PASSED [ 99%]
tests/test_phase22_journal_core.py::TestReconstructionOutcomes::test_resolved_does_not_require_review PASSED [ 99%]
tests/test_phase22_journal_core.py::TestReconstructionOutcomes::test_committed_not_resolved PASSED [ 99%]
tests/test_phase22_journal_core.py::TestValidatePathSafe::test_target_relative_outside_workspace PASSED [ 99%]
tests/test_phase22_journal_core.py::TestValidatePathSafe::test_target_path_relative_conversion PASSED [ 99%]
tests/test_phase22_journal_core.py::TestEventSequence::test_detect_missing_prepared PASSED [ 99%]
tests/test_phase22_journal_core.py::TestEventSequence::test_detect_duplicate_record_id PASSED [ 99%]
tests/test_phase22_journal_core.py::TestEventSequence::test_valid_sequence_no_diagnostics PASSED [ 99%]
tests/test_phase22_journal_core.py::TestFcntlAvailable::test_fcntl_imports PASSED [ 99%]
tests/test_phase22_journal_core.py::TestWorkspaceIdentity::test_workspace_identity_is_persisted PASSED [ 99%]
tests/test_phase22_journal_core.py::TestWorkspaceIdentity::test_set_workspace_identity_returns_valid PASSED [ 99%]
tests/test_phase22_journal_core.py::TestChecksum::test_verify_tampered_checksum PASSED [ 99%]
tests/test_phase22_journal_core.py::TestChecksum::test_verify_valid_checksum PASSED [ 99%]
tests/test_phase22_journal_core.py::TestChecksum::test_compute_checksum_strips_checksum_field PASSED [ 99%]
tests/test_phase22_journal_core.py::TestChecksum::test_verify_missing_checksum PASSED [100%]

=============================== warnings summary ===============================
tests/test_memory_manager.py::TestCorruptionRecovery::test_recovers_from_corrupt_db_file
  /data/data/com.termux/files/home/terminal-owner-audit-20260801T061332Z/baseline/core/storage.py:322: UserWarning: Database corruption detected at /data/data/com.termux/files/usr/tmp/pytest-of-u0_a356/pytest-11/test_recovers_from_corrupt_db_0/mem.db: file is not a database. Renaming to /data/data/com.termux/files/usr/tmp/pytest-of-u0_a356/pytest-11/test_recovers_from_corrupt_db_0/mem.db.corrupt and recreating.
    warnings.warn(

-- Docs: https://docs.pytest.org/en/stable/how-to/capture-warnings.html
== 1564 passed, 1 skipped, 1 warning, 16 subtests passed in 138.32s (0:02:18) ==
